Using pre-set license
Built from '2022.3/staging' branch; Version is '2022.3.16f1 (d2c21f0ef2f1) revision 13812255'; Using compiler version '192829333'; Build Type 'Release'
OS: 'Windows 10  (10.0.19045) 64bit Professional' Language: 'ru' Physical Memory: 7599 MB
BatchMode: 1, IsHumanControllingUs: 0, StartBugReporterOnCrash: 0, Is64bit: 1, IsPro: 1

COMMAND LINE ARGUMENTS:
D:\Programs\Unity Hub\Editor\2022.3.16f1\Editor\Unity.exe
-adb2
-batchMode
-noUpm
-name
AssetImportWorker0
-projectPath
D:/subjects/小Sharp/Unity projects/GameSavesTheVillage
-logFile
Logs/AssetImportWorker0.log
-srvPort
53555
Successfully changed project path to: D:/subjects/小Sharp/Unity projects/GameSavesTheVillage
D:/subjects/小Sharp/Unity projects/GameSavesTheVillage
[UnityMemory] Configuration Parameters - Can be set up in boot.config
    "memorysetup-bucket-allocator-granularity=16"
    "memorysetup-bucket-allocator-bucket-count=8"
    "memorysetup-bucket-allocator-block-size=33554432"
    "memorysetup-bucket-allocator-block-count=8"
    "memorysetup-main-allocator-block-size=16777216"
    "memorysetup-thread-allocator-block-size=16777216"
    "memorysetup-gfx-main-allocator-block-size=16777216"
    "memorysetup-gfx-thread-allocator-block-size=16777216"
    "memorysetup-cache-allocator-block-size=4194304"
    "memorysetup-typetree-allocator-block-size=2097152"
    "memorysetup-profiler-bucket-allocator-granularity=16"
    "memorysetup-profiler-bucket-allocator-bucket-count=8"
    "memorysetup-profiler-bucket-allocator-block-size=33554432"
    "memorysetup-profiler-bucket-allocator-block-count=8"
    "memorysetup-profiler-allocator-block-size=16777216"
    "memorysetup-profiler-editor-allocator-block-size=1048576"
    "memorysetup-temp-allocator-size-main=16777216"
    "memorysetup-job-temp-allocator-block-size=2097152"
    "memorysetup-job-temp-allocator-block-size-background=1048576"
    "memorysetup-job-temp-allocator-reduction-small-platforms=262144"
    "memorysetup-allocator-temp-initial-block-size-main=262144"
    "memorysetup-allocator-temp-initial-block-size-worker=262144"
    "memorysetup-temp-allocator-size-background-worker=32768"
    "memorysetup-temp-allocator-size-job-worker=262144"
    "memorysetup-temp-allocator-size-preload-manager=33554432"
    "memorysetup-temp-allocator-size-nav-mesh-worker=65536"
    "memorysetup-temp-allocator-size-audio-worker=65536"
    "memorysetup-temp-allocator-size-cloud-worker=32768"
    "memorysetup-temp-allocator-size-gi-baking-worker=262144"
    "memorysetup-temp-allocator-size-gfx=262144"
Player connection [19336] Host "[IP] 172.26.80.1 [Port] 0 [Flags] 2 [Guid] 1404815235 [EditorId] 1404815235 [Version] 1048832 [Id] WindowsEditor(7,DESKTOP-F74V8DB) [Debug] 1 [PackageName] WindowsEditor [ProjectName] Editor" joined multi-casting on [225.0.0.222:54997]...

Player connection [19336] Host "[IP] 172.26.80.1 [Port] 0 [Flags] 2 [Guid] 1404815235 [EditorId] 1404815235 [Version] 1048832 [Id] WindowsEditor(7,DESKTOP-F74V8DB) [Debug] 1 [PackageName] WindowsEditor [ProjectName] Editor" joined alternative multi-casting on [225.0.0.222:34997]...

[Physics::Module] Initialized MultithreadedJobDispatcher with 5 workers.
Refreshing native plugins compatible for Editor in 7.36 ms, found 3 plugins.
Preloading 0 native plugins for Editor in 0.00 ms.
Initialize engine version: 2022.3.16f1 (d2c21f0ef2f1)
[Subsystems] Discovering subsystems at path D:/Programs/Unity Hub/Editor/2022.3.16f1/Editor/Data/Resources/UnitySubsystems
[Subsystems] Discovering subsystems at path D:/subjects/小Sharp/Unity projects/GameSavesTheVillage/Assets
GfxDevice: creating device client; threaded=0; jobified=0
Direct3D:
    Version:  Direct3D 11.0 [level 11.1]
    Renderer: AMD Radeon(TM) Graphics (ID=0x1636)
    Vendor:   ATI
    VRAM:     3799 MB
    Driver:   30.0.13044.14002
Initialize mono
Mono path[0] = 'D:/Programs/Unity Hub/Editor/2022.3.16f1/Editor/Data/Managed'
Mono path[1] = 'D:/Programs/Unity Hub/Editor/2022.3.16f1/Editor/Data/MonoBleedingEdge/lib/mono/unityjit-win32'
Mono config path = 'D:/Programs/Unity Hub/Editor/2022.3.16f1/Editor/Data/MonoBleedingEdge/etc'
Using monoOptions --debugger-agent=transport=dt_socket,embedding=1,server=y,suspend=n,address=127.0.0.1:56052
Begin MonoManager ReloadAssembly
Registering precompiled unity dll's ...
Register platform support module: D:/Programs/Unity Hub/Editor/2022.3.16f1/Editor/Data/PlaybackEngines/AndroidPlayer/UnityEditor.Android.Extensions.dll
Register platform support module: D:/Programs/Unity Hub/Editor/2022.3.16f1/Editor/Data/PlaybackEngines/WindowsStandaloneSupport/UnityEditor.WindowsStandalone.Extensions.dll
Registered in 0.005417 seconds.
- Loaded All Assemblies, in  0.535 seconds
Native extension for WindowsStandalone target not found
Native extension for Android target not found
Android Extension - Scanning For ADB Devices 293 ms
Mono: successfully reloaded assembly
- Finished resetting the current domain, in  0.701 seconds
Domain Reload Profiling: 1236ms
	BeginReloadAssembly (234ms)
		ExecutionOrderSort (0ms)
		DisableScriptedObjects (0ms)
		BackupInstance (0ms)
		ReleaseScriptingObjects (0ms)
		CreateAndSetChildDomain (1ms)
	RebuildCommonClasses (51ms)
	RebuildNativeTypeToScriptingClass (13ms)
	initialDomainReloadingComplete (64ms)
	LoadAllAssembliesAndSetupDomain (173ms)
		LoadAssemblies (234ms)
		RebuildTransferFunctionScriptingTraits (0ms)
		AnalyzeDomain (169ms)
			TypeCache.Refresh (167ms)
				TypeCache.ScanAssembly (151ms)
			ScanForSourceGeneratedMonoScriptInfo (0ms)
			ResolveRequiredComponents (1ms)
	FinalizeReload (701ms)
		ReleaseScriptCaches (0ms)
		RebuildScriptCaches (0ms)
		SetupLoadedEditorAssemblies (626ms)
			LogAssemblyErrors (0ms)
			InitializePlatformSupportModulesInManaged (412ms)
			SetLoadedEditorAssemblies (5ms)
			RefreshPlugins (0ms)
			BeforeProcessingInitializeOnLoad (3ms)
			ProcessInitializeOnLoadAttributes (148ms)
			ProcessInitializeOnLoadMethodAttributes (58ms)
			AfterProcessingInitializeOnLoad (0ms)
			EditorAssembliesLoaded (0ms)
		ExecutionOrderSort2 (0ms)
		AwakeInstancesAfterBackupRestoration (0ms)
========================================================================
Worker process is ready to serve import requests
Begin MonoManager ReloadAssembly
- Loaded All Assemblies, in  0.780 seconds
Refreshing native plugins compatible for Editor in 2.51 ms, found 3 plugins.
Native extension for WindowsStandalone target not found
Native extension for Android target not found
Package Manager log level set to [2]
[Package Manager] Server::EnsureServerProcessIsRunning -- launch failed, reason: Unity was launched with the -noUpm command-line argument
[Package Manager] UpmClient::Send -- Unable to send message (not connected to UPM process).
[Package Manager] Cannot connect to Unity Package Manager local server
Mono: successfully reloaded assembly
- Finished resetting the current domain, in  1.024 seconds
Domain Reload Profiling: 1803ms
	BeginReloadAssembly (191ms)
		ExecutionOrderSort (0ms)
		DisableScriptedObjects (7ms)
		BackupInstance (0ms)
		ReleaseScriptingObjects (0ms)
		CreateAndSetChildDomain (29ms)
	RebuildCommonClasses (41ms)
	RebuildNativeTypeToScriptingClass (12ms)
	initialDomainReloadingComplete (42ms)
	LoadAllAssembliesAndSetupDomain (493ms)
		LoadAssemblies (394ms)
		RebuildTransferFunctionScriptingTraits (0ms)
		AnalyzeDomain (213ms)
			TypeCache.Refresh (188ms)
				TypeCache.ScanAssembly (169ms)
			ScanForSourceGeneratedMonoScriptInfo (18ms)
			ResolveRequiredComponents (5ms)
	FinalizeReload (1024ms)
		ReleaseScriptCaches (0ms)
		RebuildScriptCaches (0ms)
		SetupLoadedEditorAssemblies (824ms)
			LogAssemblyErrors (0ms)
			InitializePlatformSupportModulesInManaged (28ms)
			SetLoadedEditorAssemblies (7ms)
			RefreshPlugins (0ms)
			BeforeProcessingInitializeOnLoad (109ms)
			ProcessInitializeOnLoadAttributes (649ms)
			ProcessInitializeOnLoadMethodAttributes (27ms)
			AfterProcessingInitializeOnLoad (3ms)
			EditorAssembliesLoaded (0ms)
		ExecutionOrderSort2 (0ms)
		AwakeInstancesAfterBackupRestoration (7ms)
Launched and connected shader compiler UnityShaderCompiler.exe after 0.05 seconds
Refreshing native plugins compatible for Editor in 2.84 ms, found 3 plugins.
Preloading 0 native plugins for Editor in 0.00 ms.
Unloading 3136 Unused Serialized files (Serialized files now loaded: 0)
Unloading 31 unused Assets / (29.7 KB). Loaded Objects now: 3620.
Memory consumption went from 142.3 MB to 142.3 MB.
Total: 3.916200 ms (FindLiveObjects: 0.301300 ms CreateObjectMapping: 0.102200 ms MarkObjects: 3.413400 ms  DeleteObjects: 0.098000 ms)

AssetImportParameters requested are different than current active one (requested -> active):
  custom:container-demuxer-ogg: 62fdf1f143b41e24485cea50d1cbac27 -> 
  custom:video-decoder-ogg-theora: a1e56fd34408186e4bbccfd4996cb3dc -> 
  custom:framework-win-MediaFoundation: 216162199b28c13a410421893ffa2e32 -> 
  custom:CustomObjectIndexerAttribute: 43b350a4d6e6d1791af0b5038c4bea17 -> 
  custom:container-demuxer-webm: 4f35f7cbe854078d1ac9338744f61a02 -> 
  custom:container-muxer-webm: aa71ff27fc2769a1b78a27578f13a17b -> 
  custom:video-decoder-webm-vp8: 9c59270c3fd7afecdb556c50c9e8de78 -> 
  custom:SearchIndexIgnoredProperties: e643bd26f0fe6173181afceb89e7c659 -> 
  custom:AudioImporter_EditorPlatform: d09bf68614088b80899f8185d706f6e7 -> 
  custom:video-encoder-webm-vp8: eb34c28f22e8b96e1ab97ce403110664 -> 
  custom:audio-decoder-ogg-vorbis: bf7c407c2cedff20999df2af8eb42d56 -> 
  custom:audio-encoder-webm-vorbis: bf7c407c2cedff20999df2af8eb42d56 -> 
========================================================================
Received Import Request.
  Time since last request: 196020.945323 seconds.
  path: Assets/Sounds/Call_Worker.wav
  artifactKey: Guid(69654b4d0d934a74fb5101811eabc615) Importer(815301076,1909f56bfc062723c751e8b465ee728b)
Start importing Assets/Sounds/Call_Worker.wav using Guid(69654b4d0d934a74fb5101811eabc615) Importer(815301076,1909f56bfc062723c751e8b465ee728b)  -> (artifact id: 'c71a95bd88120ec1b881759664d03727') in 0.098356 seconds
Number of updated asset objects reloaded before import = 0
Number of asset objects unloaded after import = 2
========================================================================
Received Import Request.
  Time since last request: 0.000048 seconds.
  path: Assets/Sounds/Sunrise.wav
  artifactKey: Guid(3a88b7a2e8ab46343ab0a200d38dc387) Importer(815301076,1909f56bfc062723c751e8b465ee728b)
Start importing Assets/Sounds/Sunrise.wav using Guid(3a88b7a2e8ab46343ab0a200d38dc387) Importer(815301076,1909f56bfc062723c751e8b465ee728b)  -> (artifact id: '0cb86c2c44723aa92e667f27708c61ac') in 0.014311 seconds
Number of updated asset objects reloaded before import = 0
Number of asset objects unloaded after import = 2
========================================================================
Received Import Request.
  Time since last request: 0.000058 seconds.
  path: Assets/Sounds/Victory.wav
  artifactKey: Guid(0de63d3c73a2c0545810ac7823041854) Importer(815301076,1909f56bfc062723c751e8b465ee728b)
Start importing Assets/Sounds/Victory.wav using Guid(0de63d3c73a2c0545810ac7823041854) Importer(815301076,1909f56bfc062723c751e8b465ee728b)  -> (artifact id: '4a16818cba6d45090baa3f2120f5fba6') in 0.017414 seconds
Number of updated asset objects reloaded before import = 0
Number of asset objects unloaded after import = 2
========================================================================
Received Import Request.
  Time since last request: 0.000044 seconds.
  path: Assets/Sounds/Wave.wav
  artifactKey: Guid(b4334c95bfe966947b29c647b18ddac3) Importer(815301076,1909f56bfc062723c751e8b465ee728b)
Start importing Assets/Sounds/Wave.wav using Guid(b4334c95bfe966947b29c647b18ddac3) Importer(815301076,1909f56bfc062723c751e8b465ee728b)  -> (artifact id: '745eae66feff956974a4938280c38974') in 0.012636 seconds
Number of updated asset objects reloaded before import = 0
Number of asset objects unloaded after import = 2
========================================================================
Received Import Request.
  Time since last request: 0.000019 seconds.
  path: Assets/Sounds/Call_Warrior.wav
  artifactKey: Guid(e99c6a64a9aa69d43a251549a582672b) Importer(815301076,1909f56bfc062723c751e8b465ee728b)
Start importing Assets/Sounds/Call_Warrior.wav using Guid(e99c6a64a9aa69d43a251549a582672b) Importer(815301076,1909f56bfc062723c751e8b465ee728b)  -> (artifact id: 'a3715f1dc57147997f68139322d30d8e') in 0.012589 seconds
Number of updated asset objects reloaded before import = 0
Number of asset objects unloaded after import = 2
========================================================================
Received Import Request.
  Time since last request: 6.615398 seconds.
  path: Assets/Sounds/Click.wav
  artifactKey: Guid(2bb92d8065651ea4796ce9a02c3bf17c) Importer(815301076,1909f56bfc062723c751e8b465ee728b)
Start importing Assets/Sounds/Click.wav using Guid(2bb92d8065651ea4796ce9a02c3bf17c) Importer(815301076,1909f56bfc062723c751e8b465ee728b)  -> (artifact id: '5584401f9b83133f075ff611c48161a7') in 0.013878 seconds
Number of updated asset objects reloaded before import = 0
Number of asset objects unloaded after import = 2
========================================================================
Received Import Request.
  Time since last request: 0.000073 seconds.
  path: Assets/Sounds/Defeat.wav
  artifactKey: Guid(cf9f4283fc86af94ea65879b256bfff8) Importer(815301076,1909f56bfc062723c751e8b465ee728b)
Start importing Assets/Sounds/Defeat.wav using Guid(cf9f4283fc86af94ea65879b256bfff8) Importer(815301076,1909f56bfc062723c751e8b465ee728b)  -> (artifact id: '7178d4f240d2f3dffaad91ce1864fd0f') in 0.011913 seconds
Number of updated asset objects reloaded before import = 0
Number of asset objects unloaded after import = 2
========================================================================
Received Import Request.
  Time since last request: 187.281936 seconds.
  path: Assets/Scriptes/Work/GameState.cs
  artifactKey: Guid(c6b015fdc48edd14ca5a76a5d62093f3) Importer(815301076,1909f56bfc062723c751e8b465ee728b)
Start importing Assets/Scriptes/Work/GameState.cs using Guid(c6b015fdc48edd14ca5a76a5d62093f3) Importer(815301076,1909f56bfc062723c751e8b465ee728b)  -> (artifact id: '3b33581c0c880300e5d0adcedddf26c5') in 0.001352 seconds
Number of updated asset objects reloaded before import = 0
Number of asset objects unloaded after import = 0
========================================================================
Received Import Request.
  Time since last request: 232.542054 seconds.
  path: Assets/Scriptes/Work/GameState.cs
  artifactKey: Guid(c6b015fdc48edd14ca5a76a5d62093f3) Importer(815301076,1909f56bfc062723c751e8b465ee728b)
Start importing Assets/Scriptes/Work/GameState.cs using Guid(c6b015fdc48edd14ca5a76a5d62093f3) Importer(815301076,1909f56bfc062723c751e8b465ee728b)  -> (artifact id: '4bbab606ab14ab549599f327e09fdcea') in 0.000519 seconds
Number of updated asset objects reloaded before import = 0
Number of asset objects unloaded after import = 0
========================================================================
Received Import Request.
  Time since last request: 48.885735 seconds.
  path: Assets/Scriptes/Work/GameState.cs
  artifactKey: Guid(c6b015fdc48edd14ca5a76a5d62093f3) Importer(815301076,1909f56bfc062723c751e8b465ee728b)
Start importing Assets/Scriptes/Work/GameState.cs using Guid(c6b015fdc48edd14ca5a76a5d62093f3) Importer(815301076,1909f56bfc062723c751e8b465ee728b)  -> (artifact id: '78089e8bd64fe033fc2f3bc8b8f3eff4') in 0.000448 seconds
Number of updated asset objects reloaded before import = 0
Number of asset objects unloaded after import = 0
========================================================================
Received Import Request.
  Time since last request: 4.214785 seconds.
  path: Assets/Scriptes/Work/GameState.cs
  artifactKey: Guid(c6b015fdc48edd14ca5a76a5d62093f3) Importer(815301076,1909f56bfc062723c751e8b465ee728b)
Start importing Assets/Scriptes/Work/GameState.cs using Guid(c6b015fdc48edd14ca5a76a5d62093f3) Importer(815301076,1909f56bfc062723c751e8b465ee728b)  -> (artifact id: 'a484bcd1fa184a6f0eba87607a856028') in 0.000511 seconds
Number of updated asset objects reloaded before import = 0
Number of asset objects unloaded after import = 0
========================================================================
Received Import Request.
  Time since last request: 6.525144 seconds.
  path: Assets/Scriptes/Work/GameState.cs
  artifactKey: Guid(c6b015fdc48edd14ca5a76a5d62093f3) Importer(815301076,1909f56bfc062723c751e8b465ee728b)
Start importing Assets/Scriptes/Work/GameState.cs using Guid(c6b015fdc48edd14ca5a76a5d62093f3) Importer(815301076,1909f56bfc062723c751e8b465ee728b)  -> (artifact id: '0f0683dd3e67189d7489fcf76efe32ec') in 0.000408 seconds
Number of updated asset objects reloaded before import = 0
Number of asset objects unloaded after import = 0
========================================================================
Received Prepare
Begin MonoManager ReloadAssembly
- Loaded All Assemblies, in  0.563 seconds
Refreshing native plugins compatible for Editor in 2.83 ms, found 3 plugins.
Native extension for WindowsStandalone target not found
Native extension for Android target not found
[Package Manager] Server::EnsureServerProcessIsRunning -- launch failed, reason: Unity was launched with the -noUpm command-line argument
[Package Manager] UpmClient::Send -- Unable to send message (not connected to UPM process).
[Package Manager] Cannot connect to Unity Package Manager local server
Mono: successfully reloaded assembly
- Finished resetting the current domain, in  2.011 seconds
Domain Reload Profiling: 2573ms
	BeginReloadAssembly (183ms)
		ExecutionOrderSort (0ms)
		DisableScriptedObjects (6ms)
		BackupInstance (0ms)
		ReleaseScriptingObjects (0ms)
		CreateAndSetChildDomain (42ms)
	RebuildCommonClasses (35ms)
	RebuildNativeTypeToScriptingClass (12ms)
	initialDomainReloadingComplete (28ms)
	LoadAllAssembliesAndSetupDomain (305ms)
		LoadAssemblies (385ms)
		RebuildTransferFunctionScriptingTraits (0ms)
		AnalyzeDomain (22ms)
			TypeCache.Refresh (8ms)
				TypeCache.ScanAssembly (1ms)
			ScanForSourceGeneratedMonoScriptInfo (8ms)
			ResolveRequiredComponents (5ms)
	FinalizeReload (2011ms)
		ReleaseScriptCaches (0ms)
		RebuildScriptCaches (0ms)
		SetupLoadedEditorAssemblies (722ms)
			LogAssemblyErrors (0ms)
			InitializePlatformSupportModulesInManaged (27ms)
			SetLoadedEditorAssemblies (7ms)
			RefreshPlugins (0ms)
			BeforeProcessingInitializeOnLoad (106ms)
			ProcessInitializeOnLoadAttributes (556ms)
			ProcessInitializeOnLoadMethodAttributes (23ms)
			AfterProcessingInitializeOnLoad (3ms)
			EditorAssembliesLoaded (0ms)
		ExecutionOrderSort2 (0ms)
		AwakeInstancesAfterBackupRestoration (7ms)
Refreshing native plugins compatible for Editor in 2.54 ms, found 3 plugins.
Preloading 0 native plugins for Editor in 0.00 ms.
Unloading 3114 Unused Serialized files (Serialized files now loaded: 0)
Unloading 23 unused Assets / (31.2 KB). Loaded Objects now: 3632.
Memory consumption went from 139.5 MB to 139.4 MB.
Total: 3.766200 ms (FindLiveObjects: 0.302300 ms CreateObjectMapping: 0.101100 ms MarkObjects: 3.302800 ms  DeleteObjects: 0.058800 ms)

Prepare: number of updated asset objects reloaded= 0
AssetImportParameters requested are different than current active one (requested -> active):
  custom:container-demuxer-ogg: 62fdf1f143b41e24485cea50d1cbac27 -> 
  custom:video-decoder-ogg-theora: a1e56fd34408186e4bbccfd4996cb3dc -> 
  custom:framework-win-MediaFoundation: 216162199b28c13a410421893ffa2e32 -> 
  custom:CustomObjectIndexerAttribute: 43b350a4d6e6d1791af0b5038c4bea17 -> 
  custom:container-demuxer-webm: 4f35f7cbe854078d1ac9338744f61a02 -> 
  custom:container-muxer-webm: aa71ff27fc2769a1b78a27578f13a17b -> 
  custom:video-decoder-webm-vp8: 9c59270c3fd7afecdb556c50c9e8de78 -> 
  custom:SearchIndexIgnoredProperties: e643bd26f0fe6173181afceb89e7c659 -> 
  custom:AudioImporter_EditorPlatform: d09bf68614088b80899f8185d706f6e7 -> 
  custom:video-encoder-webm-vp8: eb34c28f22e8b96e1ab97ce403110664 -> 
  custom:audio-decoder-ogg-vorbis: bf7c407c2cedff20999df2af8eb42d56 -> 
  custom:audio-encoder-webm-vorbis: bf7c407c2cedff20999df2af8eb42d56 -> 
========================================================================
Received Prepare
Begin MonoManager ReloadAssembly
- Loaded All Assemblies, in  0.587 seconds
Refreshing native plugins compatible for Editor in 3.28 ms, found 3 plugins.
Native extension for WindowsStandalone target not found
Native extension for Android target not found
[Package Manager] Server::EnsureServerProcessIsRunning -- launch failed, reason: Unity was launched with the -noUpm command-line argument
[Package Manager] UpmClient::Send -- Unable to send message (not connected to UPM process).
[Package Manager] Cannot connect to Unity Package Manager local server
Mono: successfully reloaded assembly
- Finished resetting the current domain, in  2.576 seconds
Domain Reload Profiling: 3163ms
	BeginReloadAssembly (195ms)
		ExecutionOrderSort (0ms)
		DisableScriptedObjects (6ms)
		BackupInstance (0ms)
		ReleaseScriptingObjects (0ms)
		CreateAndSetChildDomain (39ms)
	RebuildCommonClasses (48ms)
	RebuildNativeTypeToScriptingClass (12ms)
	initialDomainReloadingComplete (28ms)
	LoadAllAssembliesAndSetupDomain (303ms)
		LoadAssemblies (410ms)
		RebuildTransferFunctionScriptingTraits (0ms)
		AnalyzeDomain (12ms)
			TypeCache.Refresh (5ms)
				TypeCache.ScanAssembly (0ms)
			ScanForSourceGeneratedMonoScriptInfo (0ms)
			ResolveRequiredComponents (5ms)
	FinalizeReload (2577ms)
		ReleaseScriptCaches (0ms)
		RebuildScriptCaches (0ms)
		SetupLoadedEditorAssemblies (958ms)
			LogAssemblyErrors (0ms)
			InitializePlatformSupportModulesInManaged (36ms)
			SetLoadedEditorAssemblies (10ms)
			RefreshPlugins (0ms)
			BeforeProcessingInitializeOnLoad (126ms)
			ProcessInitializeOnLoadAttributes (753ms)
			ProcessInitializeOnLoadMethodAttributes (29ms)
			AfterProcessingInitializeOnLoad (4ms)
			EditorAssembliesLoaded (0ms)
		ExecutionOrderSort2 (0ms)
		AwakeInstancesAfterBackupRestoration (9ms)
Refreshing native plugins compatible for Editor in 3.67 ms, found 3 plugins.
Preloading 0 native plugins for Editor in 0.00 ms.
Unloading 3115 Unused Serialized files (Serialized files now loaded: 0)
Unloading 23 unused Assets / (31.1 KB). Loaded Objects now: 3635.
Memory consumption went from 141.6 MB to 141.6 MB.
Total: 5.768700 ms (FindLiveObjects: 0.635100 ms CreateObjectMapping: 0.169800 ms MarkObjects: 4.885400 ms  DeleteObjects: 0.076300 ms)

Prepare: number of updated asset objects reloaded= 0
AssetImportParameters requested are different than current active one (requested -> active):
  custom:container-demuxer-ogg: 62fdf1f143b41e24485cea50d1cbac27 -> 
  custom:video-decoder-ogg-theora: a1e56fd34408186e4bbccfd4996cb3dc -> 
  custom:framework-win-MediaFoundation: 216162199b28c13a410421893ffa2e32 -> 
  custom:CustomObjectIndexerAttribute: 43b350a4d6e6d1791af0b5038c4bea17 -> 
  custom:container-demuxer-webm: 4f35f7cbe854078d1ac9338744f61a02 -> 
  custom:container-muxer-webm: aa71ff27fc2769a1b78a27578f13a17b -> 
  custom:video-decoder-webm-vp8: 9c59270c3fd7afecdb556c50c9e8de78 -> 
  custom:SearchIndexIgnoredProperties: e643bd26f0fe6173181afceb89e7c659 -> 
  custom:AudioImporter_EditorPlatform: d09bf68614088b80899f8185d706f6e7 -> 
  custom:video-encoder-webm-vp8: eb34c28f22e8b96e1ab97ce403110664 -> 
  custom:audio-decoder-ogg-vorbis: bf7c407c2cedff20999df2af8eb42d56 -> 
  custom:audio-encoder-webm-vorbis: bf7c407c2cedff20999df2af8eb42d56 -> 
========================================================================
Received Prepare
Begin MonoManager ReloadAssembly
- Loaded All Assemblies, in  0.524 seconds
Refreshing native plugins compatible for Editor in 2.79 ms, found 3 plugins.
Native extension for WindowsStandalone target not found
Native extension for Android target not found
[Package Manager] Server::EnsureServerProcessIsRunning -- launch failed, reason: Unity was launched with the -noUpm command-line argument
[Package Manager] UpmClient::Send -- Unable to send message (not connected to UPM process).
[Package Manager] Cannot connect to Unity Package Manager local server
Mono: successfully reloaded assembly
- Finished resetting the current domain, in  1.824 seconds
Domain Reload Profiling: 2348ms
	BeginReloadAssembly (194ms)
		ExecutionOrderSort (0ms)
		DisableScriptedObjects (6ms)
		BackupInstance (0ms)
		ReleaseScriptingObjects (0ms)
		CreateAndSetChildDomain (43ms)
	RebuildCommonClasses (38ms)
	RebuildNativeTypeToScriptingClass (12ms)
	initialDomainReloadingComplete (28ms)
	LoadAllAssembliesAndSetupDomain (252ms)
		LoadAssemblies (353ms)
		RebuildTransferFunctionScriptingTraits (0ms)
		AnalyzeDomain (13ms)
			TypeCache.Refresh (6ms)
				TypeCache.ScanAssembly (0ms)
			ScanForSourceGeneratedMonoScriptInfo (0ms)
			ResolveRequiredComponents (5ms)
	FinalizeReload (1825ms)
		ReleaseScriptCaches (0ms)
		RebuildScriptCaches (0ms)
		SetupLoadedEditorAssemblies (1236ms)
			LogAssemblyErrors (0ms)
			InitializePlatformSupportModulesInManaged (36ms)
			SetLoadedEditorAssemblies (11ms)
			RefreshPlugins (0ms)
			BeforeProcessingInitializeOnLoad (177ms)
			ProcessInitializeOnLoadAttributes (977ms)
			ProcessInitializeOnLoadMethodAttributes (31ms)
			AfterProcessingInitializeOnLoad (3ms)
			EditorAssembliesLoaded (1ms)
		ExecutionOrderSort2 (0ms)
		AwakeInstancesAfterBackupRestoration (10ms)
Refreshing native plugins compatible for Editor in 3.30 ms, found 3 plugins.
Preloading 0 native plugins for Editor in 0.00 ms.
Unloading 3115 Unused Serialized files (Serialized files now loaded: 0)
Unloading 23 unused Assets / (31.1 KB). Loaded Objects now: 3638.
Memory consumption went from 143.6 MB to 143.5 MB.
Total: 4.448500 ms (FindLiveObjects: 0.453500 ms CreateObjectMapping: 0.137400 ms MarkObjects: 3.671300 ms  DeleteObjects: 0.183800 ms)

Prepare: number of updated asset objects reloaded= 0
AssetImportParameters requested are different than current active one (requested -> active):
  custom:container-demuxer-ogg: 62fdf1f143b41e24485cea50d1cbac27 -> 
  custom:video-decoder-ogg-theora: a1e56fd34408186e4bbccfd4996cb3dc -> 
  custom:framework-win-MediaFoundation: 216162199b28c13a410421893ffa2e32 -> 
  custom:CustomObjectIndexerAttribute: 43b350a4d6e6d1791af0b5038c4bea17 -> 
  custom:container-demuxer-webm: 4f35f7cbe854078d1ac9338744f61a02 -> 
  custom:container-muxer-webm: aa71ff27fc2769a1b78a27578f13a17b -> 
  custom:video-decoder-webm-vp8: 9c59270c3fd7afecdb556c50c9e8de78 -> 
  custom:SearchIndexIgnoredProperties: e643bd26f0fe6173181afceb89e7c659 -> 
  custom:AudioImporter_EditorPlatform: d09bf68614088b80899f8185d706f6e7 -> 
  custom:video-encoder-webm-vp8: eb34c28f22e8b96e1ab97ce403110664 -> 
  custom:audio-decoder-ogg-vorbis: bf7c407c2cedff20999df2af8eb42d56 -> 
  custom:audio-encoder-webm-vorbis: bf7c407c2cedff20999df2af8eb42d56 -> 
========================================================================
Received Import Request.
  Time since last request: 817.332080 seconds.
  path: Assets/Free 2D Cartoon Parallax Background/!_Moutain/Layer_0.png
  artifactKey: Guid(ab01f61b3c6a46c4587ab9734c601f5a) Importer(815301076,1909f56bfc062723c751e8b465ee728b)
Start importing Assets/Free 2D Cartoon Parallax Background/!_Moutain/Layer_0.png using Guid(ab01f61b3c6a46c4587ab9734c601f5a) Importer(815301076,1909f56bfc062723c751e8b465ee728b)  -> (artifact id: 'c152a84e47f581f979fa60b123abafe1') in 0.080763 seconds
Number of updated asset objects reloaded before import = 0
Number of asset objects unloaded after import = 3
========================================================================
Received Import Request.
  Time since last request: 0.003333 seconds.
  path: Assets/Scriptes/Work/Interfaces/IPause.cs
  artifactKey: Guid(fe7fe2c6d3bb8354f8adf42f697def1c) Importer(815301076,1909f56bfc062723c751e8b465ee728b)
Start importing Assets/Scriptes/Work/Interfaces/IPause.cs using Guid(fe7fe2c6d3bb8354f8adf42f697def1c) Importer(815301076,1909f56bfc062723c751e8b465ee728b)  -> (artifact id: 'd8d08e494682a4734866b7c4d3b35e71') in 0.000470 seconds
Number of updated asset objects reloaded before import = 0
Number of asset objects unloaded after import = 0
========================================================================
Received Import Request.
  Time since last request: 0.014712 seconds.
  path: Assets/Free 2D Cartoon Parallax Background/2_Desert/Layer_4.png
  artifactKey: Guid(01c1e211013f19a479f0e2c12fea10a2) Importer(815301076,1909f56bfc062723c751e8b465ee728b)
Start importing Assets/Free 2D Cartoon Parallax Background/2_Desert/Layer_4.png using Guid(01c1e211013f19a479f0e2c12fea10a2) Importer(815301076,1909f56bfc062723c751e8b465ee728b)  -> (artifact id: '2dd7f39f2035b9cbbaa62c14ac8747b1') in 0.022292 seconds
Number of updated asset objects reloaded before import = 0
Number of asset objects unloaded after import = 3
========================================================================
Received Import Request.
  Time since last request: 0.004585 seconds.
  path: Assets/Free 2D Cartoon Parallax Background/4_Snow/Layer_4.png
  artifactKey: Guid(f0328e3028fda6341a7f32ca37ccd221) Importer(815301076,1909f56bfc062723c751e8b465ee728b)
Start importing Assets/Free 2D Cartoon Parallax Background/4_Snow/Layer_4.png using Guid(f0328e3028fda6341a7f32ca37ccd221) Importer(815301076,1909f56bfc062723c751e8b465ee728b)  -> (artifact id: '700f96da9b707ac8b705f2a3b1c9e85d') in 0.021046 seconds
Number of updated asset objects reloaded before import = 0
Number of asset objects unloaded after import = 3
========================================================================
Received Import Request.
  Time since last request: 0.002817 seconds.
  path: Assets/Scriptes/Work/Extensions
  artifactKey: Guid(21cc04c6faaacdd4f9226da2e75b05b2) Importer(815301076,1909f56bfc062723c751e8b465ee728b)
Start importing Assets/Scriptes/Work/Extensions using Guid(21cc04c6faaacdd4f9226da2e75b05b2) Importer(815301076,1909f56bfc062723c751e8b465ee728b)  -> (artifact id: '911bf1ca43e384a9be97f392bd5714f2') in 0.000454 seconds
Number of updated asset objects reloaded before import = 0
Number of asset objects unloaded after import = 0
========================================================================
Received Import Request.
  Time since last request: 0.004708 seconds.
  path: Assets/TextMesh Pro/Shaders/TMPro_Surface.cginc
  artifactKey: Guid(d930090c0cd643c7b55f19a38538c162) Importer(815301076,1909f56bfc062723c751e8b465ee728b)
Start importing Assets/TextMesh Pro/Shaders/TMPro_Surface.cginc using Guid(d930090c0cd643c7b55f19a38538c162) Importer(815301076,1909f56bfc062723c751e8b465ee728b)  -> (artifact id: '9c686a485411b244d6b24147d7663491') in 0.001101 seconds
Number of updated asset objects reloaded before import = 0
Number of asset objects unloaded after import = 1
========================================================================
Received Import Request.
  Time since last request: 0.003287 seconds.
  path: Assets/Free 2D Cartoon Parallax Background/4_Snow/Layer_1.png
  artifactKey: Guid(630227a2121b4a243888619c45836138) Importer(815301076,1909f56bfc062723c751e8b465ee728b)
Start importing Assets/Free 2D Cartoon Parallax Background/4_Snow/Layer_1.png using Guid(630227a2121b4a243888619c45836138) Importer(815301076,1909f56bfc062723c751e8b465ee728b)  -> (artifact id: 'fc23b2687bf29d46df0c07b86031a817') in 0.022884 seconds
Number of updated asset objects reloaded before import = 0
Number of asset objects unloaded after import = 3
========================================================================
Received Import Request.
  Time since last request: 0.004849 seconds.
  path: Assets/Free 2D Cartoon Parallax Background/2_Desert
  artifactKey: Guid(345cd2eb8785b0848aed476d9451a666) Importer(815301076,1909f56bfc062723c751e8b465ee728b)
Start importing Assets/Free 2D Cartoon Parallax Background/2_Desert using Guid(345cd2eb8785b0848aed476d9451a666) Importer(815301076,1909f56bfc062723c751e8b465ee728b)  -> (artifact id: '8836f4d9ce7febd2540cff27f3d7dbf4') in 0.000451 seconds
Number of updated asset objects reloaded before import = 0
Number of asset objects unloaded after import = 0
========================================================================
Received Import Request.
  Time since last request: 0.004544 seconds.
  path: Assets/TextMesh Pro/Shaders
  artifactKey: Guid(e9f693669af91aa45ad615fc681ed29f) Importer(815301076,1909f56bfc062723c751e8b465ee728b)
Start importing Assets/TextMesh Pro/Shaders using Guid(e9f693669af91aa45ad615fc681ed29f) Importer(815301076,1909f56bfc062723c751e8b465ee728b)  -> (artifact id: '82f431fb395f9d0dbbb787304cdb51f5') in 0.000396 seconds
Number of updated asset objects reloaded before import = 0
Number of asset objects unloaded after import = 0
========================================================================
Received Import Request.
  Time since last request: 0.002713 seconds.
  path: Assets/TextMesh Pro/Resources/Fonts & Materials/LiberationSans SDF - Drop Shadow.mat
  artifactKey: Guid(e73a58f6e2794ae7b1b7e50b7fb811b0) Importer(815301076,1909f56bfc062723c751e8b465ee728b)
Start importing Assets/TextMesh Pro/Resources/Fonts & Materials/LiberationSans SDF - Drop Shadow.mat using Guid(e73a58f6e2794ae7b1b7e50b7fb811b0) Importer(815301076,1909f56bfc062723c751e8b465ee728b)  -> (artifact id: '7c7bd0513211fad7959d6977a42ddc5b') in 0.073373 seconds
Number of updated asset objects reloaded before import = 0
Number of asset objects unloaded after import = 2
========================================================================
Received Import Request.
  Time since last request: 0.003632 seconds.
  path: Assets/Free 2D Cartoon Parallax Background/4_Snow/Layer_0.png
  artifactKey: Guid(a2d04d67b859524439e945022e0597ea) Importer(815301076,1909f56bfc062723c751e8b465ee728b)
Start importing Assets/Free 2D Cartoon Parallax Background/4_Snow/Layer_0.png using Guid(a2d04d67b859524439e945022e0597ea) Importer(815301076,1909f56bfc062723c751e8b465ee728b)  -> (artifact id: 'f5b47cfbe65a6ee61b05d6215c1f91bc') in 0.020042 seconds
Number of updated asset objects reloaded before import = 0
Number of asset objects unloaded after import = 3
========================================================================
Received Import Request.
  Time since last request: 0.002822 seconds.
  path: Assets/Free 2D Cartoon Parallax Background
  artifactKey: Guid(28b8528b95e535442946dea1cdfff335) Importer(815301076,1909f56bfc062723c751e8b465ee728b)
Start importing Assets/Free 2D Cartoon Parallax Background using Guid(28b8528b95e535442946dea1cdfff335) Importer(815301076,1909f56bfc062723c751e8b465ee728b)  -> (artifact id: '20575b30e2f54bba3639ca8c29c289c4') in 0.000588 seconds
Number of updated asset objects reloaded before import = 0
Number of asset objects unloaded after import = 0
========================================================================
Received Import Request.
  Time since last request: 0.004096 seconds.
  path: Assets/Free 2D Cartoon Parallax Background/3_Graveyard/Layer_0.png
  artifactKey: Guid(86f917da3ee3c69479ab74f43290683f) Importer(815301076,1909f56bfc062723c751e8b465ee728b)
Start importing Assets/Free 2D Cartoon Parallax Background/3_Graveyard/Layer_0.png using Guid(86f917da3ee3c69479ab74f43290683f) Importer(815301076,1909f56bfc062723c751e8b465ee728b)  -> (artifact id: '28057ab8717909208b52bfa34cbcb255') in 0.019990 seconds
Number of updated asset objects reloaded before import = 0
Number of asset objects unloaded after import = 3
========================================================================
Received Import Request.
  Time since last request: 0.004726 seconds.
  path: Assets/Scriptes/Work/Interfaces/IRestarter.cs
  artifactKey: Guid(145f42a285fb82f40a115eaf05ab40b8) Importer(815301076,1909f56bfc062723c751e8b465ee728b)
Start importing Assets/Scriptes/Work/Interfaces/IRestarter.cs using Guid(145f42a285fb82f40a115eaf05ab40b8) Importer(815301076,1909f56bfc062723c751e8b465ee728b)  -> (artifact id: '6345ce6e13ec2d452ee5e385ab7a3f13') in 0.000453 seconds
Number of updated asset objects reloaded before import = 0
Number of asset objects unloaded after import = 0
========================================================================
Received Import Request.
  Time since last request: 0.003185 seconds.
  path: Assets/Scriptes/Examples/StandradButtons.cs
  artifactKey: Guid(1a963b5257a126e459242bbbb727785f) Importer(815301076,1909f56bfc062723c751e8b465ee728b)
Start importing Assets/Scriptes/Examples/StandradButtons.cs using Guid(1a963b5257a126e459242bbbb727785f) Importer(815301076,1909f56bfc062723c751e8b465ee728b)  -> (artifact id: '25b0d7c8dabaa48f48bcbfbdc81dc143') in 0.000418 seconds
Number of updated asset objects reloaded before import = 0
Number of asset objects unloaded after import = 0
========================================================================
Received Import Request.
  Time since last request: 0.024364 seconds.
  path: Assets/Scriptes/Work/Timers/Sun.cs
  artifactKey: Guid(bf24a7de187af6a4da5bfadf462bf086) Importer(815301076,1909f56bfc062723c751e8b465ee728b)
Start importing Assets/Scriptes/Work/Timers/Sun.cs using Guid(bf24a7de187af6a4da5bfadf462bf086) Importer(815301076,1909f56bfc062723c751e8b465ee728b)  -> (artifact id: 'af324f77953d2707e287c63024554d1b') in 0.000416 seconds
Number of updated asset objects reloaded before import = 0
Number of asset objects unloaded after import = 0
========================================================================
Received Import Request.
  Time since last request: 0.003837 seconds.
  path: Assets/Free 2D Cartoon Parallax Background/3_Graveyard/Layer_2.png
  artifactKey: Guid(e9313620d8b44324ea02f98a3ee892be) Importer(815301076,1909f56bfc062723c751e8b465ee728b)
Start importing Assets/Free 2D Cartoon Parallax Background/3_Graveyard/Layer_2.png using Guid(e9313620d8b44324ea02f98a3ee892be) Importer(815301076,1909f56bfc062723c751e8b465ee728b)  -> (artifact id: '58cfae4868dba9373f47bb71af2a1432') in 0.021087 seconds
Number of updated asset objects reloaded before import = 0
Number of asset objects unloaded after import = 3
========================================================================
Received Import Request.
  Time since last request: 0.004673 seconds.
  path: Assets/Free 2D Cartoon Parallax Background/!_Moutain/Layer_1.png
  artifactKey: Guid(151eef41825813d4f96dd0d4c8ecdc2f) Importer(815301076,1909f56bfc062723c751e8b465ee728b)
Start importing Assets/Free 2D Cartoon Parallax Background/!_Moutain/Layer_1.png using Guid(151eef41825813d4f96dd0d4c8ecdc2f) Importer(815301076,1909f56bfc062723c751e8b465ee728b)  -> (artifact id: '2fae74097a43a0cf56b05f1db810360e') in 0.020213 seconds
Number of updated asset objects reloaded before import = 0
Number of asset objects unloaded after import = 3
========================================================================
Received Import Request.
  Time since last request: 0.028659 seconds.
  path: Assets/Scriptes/Work/Units/BaseUnit.cs
  artifactKey: Guid(4d18a24c5d803f24e8fff0d1e844cde1) Importer(815301076,1909f56bfc062723c751e8b465ee728b)
Start importing Assets/Scriptes/Work/Units/BaseUnit.cs using Guid(4d18a24c5d803f24e8fff0d1e844cde1) Importer(815301076,1909f56bfc062723c751e8b465ee728b)  -> (artifact id: '583bacc8f78a216e7565fcacdd78cc7f') in 0.000450 seconds
Number of updated asset objects reloaded before import = 0
Number of asset objects unloaded after import = 0
========================================================================
Received Import Request.
  Time since last request: 0.004344 seconds.
  path: Assets/Scriptes/Work/Interfaces/IRulesVictory.cs
  artifactKey: Guid(7b2a7113a3786cb4a926caa2102bcb74) Importer(815301076,1909f56bfc062723c751e8b465ee728b)
Start importing Assets/Scriptes/Work/Interfaces/IRulesVictory.cs using Guid(7b2a7113a3786cb4a926caa2102bcb74) Importer(815301076,1909f56bfc062723c751e8b465ee728b)  -> (artifact id: 'aefb668d55a80213568994b5b3348e03') in 0.000423 seconds
Number of updated asset objects reloaded before import = 0
Number of asset objects unloaded after import = 0
========================================================================
Received Import Request.
  Time since last request: 0.016828 seconds.
  path: Assets/Scriptes/Work/Interfaces/IStatistic.cs
  artifactKey: Guid(4e5f2f5bd94d08445832fc4113289dde) Importer(815301076,1909f56bfc062723c751e8b465ee728b)
Start importing Assets/Scriptes/Work/Interfaces/IStatistic.cs using Guid(4e5f2f5bd94d08445832fc4113289dde) Importer(815301076,1909f56bfc062723c751e8b465ee728b)  -> (artifact id: '157b308fa833d76694cf1fc4a886a2da') in 0.000434 seconds
Number of updated asset objects reloaded before import = 0
Number of asset objects unloaded after import = 0
========================================================================
Received Import Request.
  Time since last request: 0.003099 seconds.
  path: Assets/Free 2D Cartoon Parallax Background/3_Graveyard/Layer_1.png
  artifactKey: Guid(680f8afb79e338a47a220c4a199533c5) Importer(815301076,1909f56bfc062723c751e8b465ee728b)
Start importing Assets/Free 2D Cartoon Parallax Background/3_Graveyard/Layer_1.png using Guid(680f8afb79e338a47a220c4a199533c5) Importer(815301076,1909f56bfc062723c751e8b465ee728b)  -> (artifact id: '0d30b19e1f1bfe2a48d8131e6e9f924c') in 0.020599 seconds
Number of updated asset objects reloaded before import = 0
Number of asset objects unloaded after import = 3
========================================================================
Received Import Request.
  Time since last request: 0.004018 seconds.
  path: Assets/TextMesh Pro/Shaders/TMP_Bitmap.shader
  artifactKey: Guid(128e987d567d4e2c824d754223b3f3b0) Importer(815301076,1909f56bfc062723c751e8b465ee728b)
Start importing Assets/TextMesh Pro/Shaders/TMP_Bitmap.shader using Guid(128e987d567d4e2c824d754223b3f3b0) Importer(815301076,1909f56bfc062723c751e8b465ee728b)  -> (artifact id: '3b1f88f9f9eb89b12430ba8004c62006') in 0.000735 seconds
Number of updated asset objects reloaded before import = 0
Number of asset objects unloaded after import = 0
========================================================================
Received Import Request.
  Time since last request: 0.003344 seconds.
  path: Assets/TextMesh Pro/Shaders/TMP_SDF-Mobile SSD.shader
  artifactKey: Guid(c8d12adcee749c344b8117cf7c7eb912) Importer(815301076,1909f56bfc062723c751e8b465ee728b)
Start importing Assets/TextMesh Pro/Shaders/TMP_SDF-Mobile SSD.shader using Guid(c8d12adcee749c344b8117cf7c7eb912) Importer(815301076,1909f56bfc062723c751e8b465ee728b)  -> (artifact id: '77b883d3ed2c3438ac33a33331131d1a') in 0.000653 seconds
Number of updated asset objects reloaded before import = 0
Number of asset objects unloaded after import = 0
========================================================================
Received Import Request.
  Time since last request: 0.001956 seconds.
  path: Assets/Free 2D Cartoon Parallax Background/Demo/Scenes
  artifactKey: Guid(d11da66b84c90e64aa029a1de3eac224) Importer(815301076,1909f56bfc062723c751e8b465ee728b)
Start importing Assets/Free 2D Cartoon Parallax Background/Demo/Scenes using Guid(d11da66b84c90e64aa029a1de3eac224) Importer(815301076,1909f56bfc062723c751e8b465ee728b)  -> (artifact id: 'dfcf680259bbf6a2fd680c3661a22461') in 0.000395 seconds
Number of updated asset objects reloaded before import = 0
Number of asset objects unloaded after import = 0
========================================================================
Received Import Request.
  Time since last request: 0.004635 seconds.
  path: Assets/Scriptes/Work/Buttons/ButtonsByUnit.cs
  artifactKey: Guid(b33eb953a98831742bc483ddef84fad8) Importer(815301076,1909f56bfc062723c751e8b465ee728b)
Start importing Assets/Scriptes/Work/Buttons/ButtonsByUnit.cs using Guid(b33eb953a98831742bc483ddef84fad8) Importer(815301076,1909f56bfc062723c751e8b465ee728b)  -> (artifact id: '2b1fa94a56dbbdcb22eccfa5b9e20c28') in 0.000404 seconds
Number of updated asset objects reloaded before import = 0
Number of asset objects unloaded after import = 0
========================================================================
Received Import Request.
  Time since last request: 0.005716 seconds.
  path: Assets/TextMesh Pro/Resources/LineBreaking Following Characters.txt
  artifactKey: Guid(fade42e8bc714b018fac513c043d323b) Importer(815301076,1909f56bfc062723c751e8b465ee728b)
Start importing Assets/TextMesh Pro/Resources/LineBreaking Following Characters.txt using Guid(fade42e8bc714b018fac513c043d323b) Importer(815301076,1909f56bfc062723c751e8b465ee728b)  -> (artifact id: 'b8365c14771796ff17d339b61ffd2609') in 0.000965 seconds
Number of updated asset objects reloaded before import = 0
Number of asset objects unloaded after import = 1
========================================================================
Received Import Request.
  Time since last request: 0.002547 seconds.
  path: Assets/Scriptes/Work/Units/Enemies/Enemies.cs
  artifactKey: Guid(f57669d1da0b88b4cb65abf87a41fb23) Importer(815301076,1909f56bfc062723c751e8b465ee728b)
Start importing Assets/Scriptes/Work/Units/Enemies/Enemies.cs using Guid(f57669d1da0b88b4cb65abf87a41fb23) Importer(815301076,1909f56bfc062723c751e8b465ee728b)  -> (artifact id: 'b25d86f85d4c66ab4b66153cdc3b4d11') in 0.000413 seconds
Number of updated asset objects reloaded before import = 0
Number of asset objects unloaded after import = 0
========================================================================
Received Import Request.
  Time since last request: 0.003057 seconds.
  path: Assets/TextMesh Pro/Shaders/TMP_SDF SSD.shader
  artifactKey: Guid(14eb328de4b8eb245bb7cea29e4ac00b) Importer(815301076,1909f56bfc062723c751e8b465ee728b)
Start importing Assets/TextMesh Pro/Shaders/TMP_SDF SSD.shader using Guid(14eb328de4b8eb245bb7cea29e4ac00b) Importer(815301076,1909f56bfc062723c751e8b465ee728b)  -> (artifact id: 'e0a91165ec28a70eac50fe253fa64738') in 0.000656 seconds
Number of updated asset objects reloaded before import = 0
Number of asset objects unloaded after import = 0
========================================================================
Received Import Request.
  Time since last request: 0.002035 seconds.
  path: Assets/TextMesh Pro/Fonts
  artifactKey: Guid(6ab70aee4d56447429c680537fbf93ed) Importer(815301076,1909f56bfc062723c751e8b465ee728b)
Start importing Assets/TextMesh Pro/Fonts using Guid(6ab70aee4d56447429c680537fbf93ed) Importer(815301076,1909f56bfc062723c751e8b465ee728b)  -> (artifact id: '25524e152126d39616bdb6d7e34b8aa6') in 0.000403 seconds
Number of updated asset objects reloaded before import = 0
Number of asset objects unloaded after import = 0
========================================================================
Received Import Request.
  Time since last request: 0.002683 seconds.
  path: Assets/Scriptes/Work/Units/Friends/Workers.cs
  artifactKey: Guid(3bb1cce2568cdae4dae4021995e29a85) Importer(815301076,1909f56bfc062723c751e8b465ee728b)
Start importing Assets/Scriptes/Work/Units/Friends/Workers.cs using Guid(3bb1cce2568cdae4dae4021995e29a85) Importer(815301076,1909f56bfc062723c751e8b465ee728b)  -> (artifact id: '918c652ed7c2172687b52271d94809de') in 0.000424 seconds
Number of updated asset objects reloaded before import = 0
Number of asset objects unloaded after import = 0
========================================================================
Received Import Request.
  Time since last request: 0.002867 seconds.
  path: Assets/Scriptes/Examples/MP3Player.cs
  artifactKey: Guid(28340fe1e11f52a4cb4ea2daf7fa0a49) Importer(815301076,1909f56bfc062723c751e8b465ee728b)
Start importing Assets/Scriptes/Examples/MP3Player.cs using Guid(28340fe1e11f52a4cb4ea2daf7fa0a49) Importer(815301076,1909f56bfc062723c751e8b465ee728b)  -> (artifact id: '39823f7058bdd07b36a2609b760bedeb') in 0.000405 seconds
Number of updated asset objects reloaded before import = 0
Number of asset objects unloaded after import = 0
========================================================================
Received Import Request.
  Time since last request: 0.003852 seconds.
  path: Assets/TextMesh Pro/Sprites/EmojiOne.json
  artifactKey: Guid(8f05276190cf498a8153f6cbe761d4e6) Importer(815301076,1909f56bfc062723c751e8b465ee728b)
Start importing Assets/TextMesh Pro/Sprites/EmojiOne.json using Guid(8f05276190cf498a8153f6cbe761d4e6) Importer(815301076,1909f56bfc062723c751e8b465ee728b)  -> (artifact id: 'd8fb3b35584e293e1af718b86d7fa852') in 0.000958 seconds
Number of updated asset objects reloaded before import = 0
Number of asset objects unloaded after import = 1
========================================================================
Received Import Request.
  Time since last request: 0.002116 seconds.
  path: Assets/Free 2D Cartoon Parallax Background/4_Snow
  artifactKey: Guid(1358260a5a240a244941ddbcd9f34c77) Importer(815301076,1909f56bfc062723c751e8b465ee728b)
Start importing Assets/Free 2D Cartoon Parallax Background/4_Snow using Guid(1358260a5a240a244941ddbcd9f34c77) Importer(815301076,1909f56bfc062723c751e8b465ee728b)  -> (artifact id: '1f75d33a40bd1c2e773591282249c466') in 0.000410 seconds
Number of updated asset objects reloaded before import = 0
Number of asset objects unloaded after import = 0
========================================================================
Received Import Request.
  Time since last request: 0.001792 seconds.
  path: Assets/Free 2D Cartoon Parallax Background/3_Graveyard
  artifactKey: Guid(5e9308fcb91014e48a246d2ddaeb8c9b) Importer(815301076,1909f56bfc062723c751e8b465ee728b)
Start importing Assets/Free 2D Cartoon Parallax Background/3_Graveyard using Guid(5e9308fcb91014e48a246d2ddaeb8c9b) Importer(815301076,1909f56bfc062723c751e8b465ee728b)  -> (artifact id: '4a68dcc0ffcdc038b42815f0b1818058') in 0.000401 seconds
Number of updated asset objects reloaded before import = 0
Number of asset objects unloaded after import = 0
========================================================================
Received Import Request.
  Time since last request: 0.003577 seconds.
  path: Assets/TextMesh Pro/Resources/Fonts & Materials
  artifactKey: Guid(731f1baa9d144a9897cb1d341c2092b8) Importer(815301076,1909f56bfc062723c751e8b465ee728b)
Start importing Assets/TextMesh Pro/Resources/Fonts & Materials using Guid(731f1baa9d144a9897cb1d341c2092b8) Importer(815301076,1909f56bfc062723c751e8b465ee728b)  -> (artifact id: '3a7eab248413d5372ca0e38f8fa86db8') in 0.000444 seconds
Number of updated asset objects reloaded before import = 0
Number of asset objects unloaded after import = 0
========================================================================
Received Import Request.
  Time since last request: 0.002853 seconds.
  path: Assets/TextMesh Pro/Shaders/TMP_SDF-Mobile.shader
  artifactKey: Guid(fe393ace9b354375a9cb14cdbbc28be4) Importer(815301076,1909f56bfc062723c751e8b465ee728b)
Start importing Assets/TextMesh Pro/Shaders/TMP_SDF-Mobile.shader using Guid(fe393ace9b354375a9cb14cdbbc28be4) Importer(815301076,1909f56bfc062723c751e8b465ee728b)  -> (artifact id: '8a65d7b4625b028ab1c588f0861fba39') in 0.000642 seconds
Number of updated asset objects reloaded before import = 0
Number of asset objects unloaded after import = 0
========================================================================
Received Import Request.
  Time since last request: 0.001901 seconds.
  path: Assets/TextMesh Pro
  artifactKey: Guid(f54d1bd14bd3ca042bd867b519fee8cc) Importer(815301076,1909f56bfc062723c751e8b465ee728b)
Start importing Assets/TextMesh Pro using Guid(f54d1bd14bd3ca042bd867b519fee8cc) Importer(815301076,1909f56bfc062723c751e8b465ee728b)  -> (artifact id: '30796653c4dfc1f2480bca9d8b60487c') in 0.000415 seconds
Number of updated asset objects reloaded before import = 0
Number of asset objects unloaded after import = 0
========================================================================
Received Import Request.
  Time since last request: 0.001955 seconds.
  path: Assets/Miniature Army 2D V.1/Prefab
  artifactKey: Guid(64116ca37797a43758dcaf29f640b978) Importer(815301076,1909f56bfc062723c751e8b465ee728b)
Start importing Assets/Miniature Army 2D V.1/Prefab using Guid(64116ca37797a43758dcaf29f640b978) Importer(815301076,1909f56bfc062723c751e8b465ee728b)  -> (artifact id: 'f9ec2175e03785452fcb7b5ee8bd35b8') in 0.000419 seconds
Number of updated asset objects reloaded before import = 0
Number of asset objects unloaded after import = 0
========================================================================
Received Import Request.
  Time since last request: 0.002952 seconds.
  path: Assets/Scriptes/Work/Pages/EndGamePage.cs
  artifactKey: Guid(db978cacd0a86fa428f27da0521db0a1) Importer(815301076,1909f56bfc062723c751e8b465ee728b)
Start importing Assets/Scriptes/Work/Pages/EndGamePage.cs using Guid(db978cacd0a86fa428f27da0521db0a1) Importer(815301076,1909f56bfc062723c751e8b465ee728b)  -> (artifact id: '1f2341bfe3a9783eacdb593f0f8bcb56') in 0.000401 seconds
Number of updated asset objects reloaded before import = 0
Number of asset objects unloaded after import = 0
========================================================================
Received Import Request.
  Time since last request: 0.003089 seconds.
  path: Assets/Free 2D Cartoon Parallax Background/4_Snow/Layer_2.png
  artifactKey: Guid(31eddef01407d664bb7dc07175c9797f) Importer(815301076,1909f56bfc062723c751e8b465ee728b)
Start importing Assets/Free 2D Cartoon Parallax Background/4_Snow/Layer_2.png using Guid(31eddef01407d664bb7dc07175c9797f) Importer(815301076,1909f56bfc062723c751e8b465ee728b)  -> (artifact id: 'f71267381577a1c05a702fdddbb76f1a') in 0.021914 seconds
Number of updated asset objects reloaded before import = 0
Number of asset objects unloaded after import = 3
========================================================================
Received Import Request.
  Time since last request: 0.005636 seconds.
  path: Assets/Free 2D Cartoon Parallax Background/Demo/Script/ParallaxBackground_0.cs
  artifactKey: Guid(e906c6017d501f947b0832dd4e87e66e) Importer(815301076,1909f56bfc062723c751e8b465ee728b)
Start importing Assets/Free 2D Cartoon Parallax Background/Demo/Script/ParallaxBackground_0.cs using Guid(e906c6017d501f947b0832dd4e87e66e) Importer(815301076,1909f56bfc062723c751e8b465ee728b)  -> (artifact id: '2f5c829177b42295753fe74b873d3bd9') in 0.000467 seconds
Number of updated asset objects reloaded before import = 0
Number of asset objects unloaded after import = 0
========================================================================
Received Import Request.
  Time since last request: 0.003353 seconds.
  path: Assets/TextMesh Pro/Shaders/TMP_SDF.shader
  artifactKey: Guid(68e6db2ebdc24f95958faec2be5558d6) Importer(815301076,1909f56bfc062723c751e8b465ee728b)
Start importing Assets/TextMesh Pro/Shaders/TMP_SDF.shader using Guid(68e6db2ebdc24f95958faec2be5558d6) Importer(815301076,1909f56bfc062723c751e8b465ee728b)  -> (artifact id: '44a762f227e90fdc549b2120ec351e0b') in 0.000649 seconds
Number of updated asset objects reloaded before import = 0
Number of asset objects unloaded after import = 0
========================================================================
Received Import Request.
  Time since last request: 0.003561 seconds.
  path: Assets/Free 2D Cartoon Parallax Background/!_Moutain/Layer_2.png
  artifactKey: Guid(f742986c8cfb0f9408700b55894aba73) Importer(815301076,1909f56bfc062723c751e8b465ee728b)
Start importing Assets/Free 2D Cartoon Parallax Background/!_Moutain/Layer_2.png using Guid(f742986c8cfb0f9408700b55894aba73) Importer(815301076,1909f56bfc062723c751e8b465ee728b)  -> (artifact id: 'e2f84a3b6b944012f2e70156c6daffde') in 0.020461 seconds
Number of updated asset objects reloaded before import = 0
Number of asset objects unloaded after import = 3
========================================================================
Received Import Request.
  Time since last request: 0.012497 seconds.
  path: Assets/Free 2D Cartoon Parallax Background/Demo/Scenes/Demo_Scene.unity
  artifactKey: Guid(8fb833954f68e2640842680d0cc08b4d) Importer(815301076,1909f56bfc062723c751e8b465ee728b)
Start importing Assets/Free 2D Cartoon Parallax Background/Demo/Scenes/Demo_Scene.unity using Guid(8fb833954f68e2640842680d0cc08b4d) Importer(815301076,1909f56bfc062723c751e8b465ee728b)  -> (artifact id: '191e7087789ae2b28a91e05f7a347f62') in 0.000452 seconds
Number of updated asset objects reloaded before import = 0
Number of asset objects unloaded after import = 0
========================================================================
Received Import Request.
  Time since last request: 0.016726 seconds.
  path: Assets/TextMesh Pro/Shaders/TMP_Bitmap-Custom-Atlas.shader
  artifactKey: Guid(48bb5f55d8670e349b6e614913f9d910) Importer(815301076,1909f56bfc062723c751e8b465ee728b)
Start importing Assets/TextMesh Pro/Shaders/TMP_Bitmap-Custom-Atlas.shader using Guid(48bb5f55d8670e349b6e614913f9d910) Importer(815301076,1909f56bfc062723c751e8b465ee728b)  -> (artifact id: 'efb85272f58133ee39b1d07359fcb503') in 0.000661 seconds
Number of updated asset objects reloaded before import = 0
Number of asset objects unloaded after import = 0
========================================================================
Received Import Request.
  Time since last request: 0.003167 seconds.
  path: Assets/Scriptes/Work/Bootstrap.cs
  artifactKey: Guid(8e3fb8dddab6ae1449fd7f7910522f44) Importer(815301076,1909f56bfc062723c751e8b465ee728b)
Start importing Assets/Scriptes/Work/Bootstrap.cs using Guid(8e3fb8dddab6ae1449fd7f7910522f44) Importer(815301076,1909f56bfc062723c751e8b465ee728b)  -> (artifact id: '1f5af6f1c7ae7d1ca3efb334381c93d1') in 0.000403 seconds
Number of updated asset objects reloaded before import = 0
Number of asset objects unloaded after import = 0
========================================================================
Received Import Request.
  Time since last request: 0.003262 seconds.
  path: Assets/TextMesh Pro/Shaders/TMP_SDF-Surface-Mobile.shader
  artifactKey: Guid(85187c2149c549c5b33f0cdb02836b17) Importer(815301076,1909f56bfc062723c751e8b465ee728b)
Start importing Assets/TextMesh Pro/Shaders/TMP_SDF-Surface-Mobile.shader using Guid(85187c2149c549c5b33f0cdb02836b17) Importer(815301076,1909f56bfc062723c751e8b465ee728b)  -> (artifact id: 'cbb6d1bb3844c1665e2be9db4f0b1ddf') in 0.000645 seconds
Number of updated asset objects reloaded before import = 0
Number of asset objects unloaded after import = 0
========================================================================
Received Import Request.
  Time since last request: 0.003149 seconds.
  path: Assets/TextMesh Pro/Shaders/TMPro_Properties.cginc
  artifactKey: Guid(3997e2241185407d80309a82f9148466) Importer(815301076,1909f56bfc062723c751e8b465ee728b)
Start importing Assets/TextMesh Pro/Shaders/TMPro_Properties.cginc using Guid(3997e2241185407d80309a82f9148466) Importer(815301076,1909f56bfc062723c751e8b465ee728b)  -> (artifact id: 'fb17b39ab37ff5c4a0c347358e9d790f') in 0.000914 seconds
Number of updated asset objects reloaded before import = 0
Number of asset objects unloaded after import = 1
========================================================================
Received Import Request.
  Time since last request: 0.004280 seconds.
  path: Assets/Scriptes/Work/Pages/BaseWindow.cs
  artifactKey: Guid(90811bfa8879270428b0f2806b6da4b6) Importer(815301076,1909f56bfc062723c751e8b465ee728b)
Start importing Assets/Scriptes/Work/Pages/BaseWindow.cs using Guid(90811bfa8879270428b0f2806b6da4b6) Importer(815301076,1909f56bfc062723c751e8b465ee728b)  -> (artifact id: 'bf380249c60442014b4b546d70bc7f8b') in 0.000399 seconds
Number of updated asset objects reloaded before import = 0
Number of asset objects unloaded after import = 0
========================================================================
Received Import Request.
  Time since last request: 0.003236 seconds.
  path: Assets/Free 2D Cartoon Parallax Background/Demo/Script/BackgroundControl_0.cs
  artifactKey: Guid(f78d6bc8b9882e04e93c862c3a1be9ce) Importer(815301076,1909f56bfc062723c751e8b465ee728b)
Start importing Assets/Free 2D Cartoon Parallax Background/Demo/Script/BackgroundControl_0.cs using Guid(f78d6bc8b9882e04e93c862c3a1be9ce) Importer(815301076,1909f56bfc062723c751e8b465ee728b)  -> (artifact id: '7101e0472b22ff181b879a63326bff41') in 0.000405 seconds
Number of updated asset objects reloaded before import = 0
Number of asset objects unloaded after import = 0
========================================================================
Received Import Request.
  Time since last request: 0.004128 seconds.
  path: Assets/TextMesh Pro/Resources/Fonts & Materials/LiberationSans SDF.asset
  artifactKey: Guid(8f586378b4e144a9851e7b34d9b748ee) Importer(815301076,1909f56bfc062723c751e8b465ee728b)
Start importing Assets/TextMesh Pro/Resources/Fonts & Materials/LiberationSans SDF.asset using Guid(8f586378b4e144a9851e7b34d9b748ee) Importer(815301076,1909f56bfc062723c751e8b465ee728b)  -> (artifact id: '00c9a27d4399c9df2366250cce9b7c54') in 0.061164 seconds
Number of updated asset objects reloaded before import = 0
Number of asset objects unloaded after import = 9
========================================================================
Received Import Request.
  Time since last request: 0.001125 seconds.
  path: Assets/Scriptes/Work/Units/Friends/Warriors.cs
  artifactKey: Guid(43980366b72dc3c44baaae91268f71e0) Importer(815301076,1909f56bfc062723c751e8b465ee728b)
Start importing Assets/Scriptes/Work/Units/Friends/Warriors.cs using Guid(43980366b72dc3c44baaae91268f71e0) Importer(815301076,1909f56bfc062723c751e8b465ee728b)  -> (artifact id: '149da8981aad4ee9ad516f9a41074186') in 0.000639 seconds
Number of updated asset objects reloaded before import = 0
Number of asset objects unloaded after import = 0
========================================================================
Received Import Request.
  Time since last request: 0.003210 seconds.
  path: Assets/TextMesh Pro/Resources/Style Sheets/Default Style Sheet.asset
  artifactKey: Guid(f952c082cb03451daed3ee968ac6c63e) Importer(815301076,1909f56bfc062723c751e8b465ee728b)
Start importing Assets/TextMesh Pro/Resources/Style Sheets/Default Style Sheet.asset using Guid(f952c082cb03451daed3ee968ac6c63e) Importer(815301076,1909f56bfc062723c751e8b465ee728b)  -> (artifact id: 'af00edb55e05cf3e37977090ae9927d6') in 0.002164 seconds
Number of updated asset objects reloaded before import = 0
Number of asset objects unloaded after import = 1
========================================================================
Received Import Request.
  Time since last request: 0.003845 seconds.
  path: Assets/Free 2D Cartoon Parallax Background/3_Graveyard/Layer_3.png
  artifactKey: Guid(ca6841502e6bca24187cacb218fd5561) Importer(815301076,1909f56bfc062723c751e8b465ee728b)
Start importing Assets/Free 2D Cartoon Parallax Background/3_Graveyard/Layer_3.png using Guid(ca6841502e6bca24187cacb218fd5561) Importer(815301076,1909f56bfc062723c751e8b465ee728b)  -> (artifact id: 'cfd3af04579e5e09827b83c6d772dcbd') in 0.021569 seconds
Number of updated asset objects reloaded before import = 0
Number of asset objects unloaded after import = 3
========================================================================
Received Import Request.
  Time since last request: 0.003706 seconds.
  path: Assets/Scriptes/Work/Timers/BaseTimer.cs
  artifactKey: Guid(b76765faedc944147a7ed13fd18ab828) Importer(815301076,1909f56bfc062723c751e8b465ee728b)
Start importing Assets/Scriptes/Work/Timers/BaseTimer.cs using Guid(b76765faedc944147a7ed13fd18ab828) Importer(815301076,1909f56bfc062723c751e8b465ee728b)  -> (artifact id: '060b94815d65da13f8d7149e7f040467') in 0.000447 seconds
Number of updated asset objects reloaded before import = 0
Number of asset objects unloaded after import = 0
========================================================================
Received Import Request.
  Time since last request: 0.006259 seconds.
  path: Assets/TextMesh Pro/Documentation
  artifactKey: Guid(8e7e8f5a82a3a134e91c54efd2274ea9) Importer(815301076,1909f56bfc062723c751e8b465ee728b)
Start importing Assets/TextMesh Pro/Documentation using Guid(8e7e8f5a82a3a134e91c54efd2274ea9) Importer(815301076,1909f56bfc062723c751e8b465ee728b)  -> (artifact id: '1284b6d9112892823920c4a518038a02') in 0.000394 seconds
Number of updated asset objects reloaded before import = 0
Number of asset objects unloaded after import = 0
========================================================================
Received Import Request.
  Time since last request: 0.004587 seconds.
  path: Assets/TextMesh Pro/Shaders/TMPro.cginc
  artifactKey: Guid(407bc68d299748449bbf7f48ee690f8d) Importer(815301076,1909f56bfc062723c751e8b465ee728b)
Start importing Assets/TextMesh Pro/Shaders/TMPro.cginc using Guid(407bc68d299748449bbf7f48ee690f8d) Importer(815301076,1909f56bfc062723c751e8b465ee728b)  -> (artifact id: 'b2f603c20fc83149d951696e0b5ff78e') in 0.000918 seconds
Number of updated asset objects reloaded before import = 0
Number of asset objects unloaded after import = 1
========================================================================
Received Import Request.
  Time since last request: 0.016532 seconds.
  path: Assets/Free 2D Cartoon Parallax Background/!_Moutain/Layer_4.png
  artifactKey: Guid(17729fe1353b2f247bf96445ab7798b1) Importer(815301076,1909f56bfc062723c751e8b465ee728b)
Start importing Assets/Free 2D Cartoon Parallax Background/!_Moutain/Layer_4.png using Guid(17729fe1353b2f247bf96445ab7798b1) Importer(815301076,1909f56bfc062723c751e8b465ee728b)  -> (artifact id: 'fb838e117d7d809ab824ad689f3e5b4a') in 0.020674 seconds
Number of updated asset objects reloaded before import = 0
Number of asset objects unloaded after import = 3
========================================================================
Received Import Request.
  Time since last request: 0.003428 seconds.
  path: Assets/Scriptes/Work/Pages/WindowDescVictory.cs
  artifactKey: Guid(44f1c0862ec9dea419462c2025858fdd) Importer(815301076,1909f56bfc062723c751e8b465ee728b)
Start importing Assets/Scriptes/Work/Pages/WindowDescVictory.cs using Guid(44f1c0862ec9dea419462c2025858fdd) Importer(815301076,1909f56bfc062723c751e8b465ee728b)  -> (artifact id: 'ab76e13064d048e5f42217fe7ed1f7b7') in 0.000443 seconds
Number of updated asset objects reloaded before import = 0
Number of asset objects unloaded after import = 0
========================================================================
Received Import Request.
  Time since last request: 0.002310 seconds.
  path: Assets/TextMesh Pro/Resources/Style Sheets
  artifactKey: Guid(4aecb92fff08436c8303b10eab8da368) Importer(815301076,1909f56bfc062723c751e8b465ee728b)
Start importing Assets/TextMesh Pro/Resources/Style Sheets using Guid(4aecb92fff08436c8303b10eab8da368) Importer(815301076,1909f56bfc062723c751e8b465ee728b)  -> (artifact id: '056cf6914e695e5184ae907488c442f7') in 0.000403 seconds
Number of updated asset objects reloaded before import = 0
Number of asset objects unloaded after import = 0
========================================================================
Received Import Request.
  Time since last request: 0.003819 seconds.
  path: Assets/TextMesh Pro/Fonts/LiberationSans - OFL.txt
  artifactKey: Guid(6e59c59b81ab47f9b6ec5781fa725d2c) Importer(815301076,1909f56bfc062723c751e8b465ee728b)
Start importing Assets/TextMesh Pro/Fonts/LiberationSans - OFL.txt using Guid(6e59c59b81ab47f9b6ec5781fa725d2c) Importer(815301076,1909f56bfc062723c751e8b465ee728b)  -> (artifact id: 'b65a4ce8400ff49749468270fd34ede3') in 0.000947 seconds
Number of updated asset objects reloaded before import = 0
Number of asset objects unloaded after import = 1
========================================================================
Received Import Request.
  Time since last request: 0.001872 seconds.
  path: Assets/Prefabs
  artifactKey: Guid(731c9a3c48692214dbade0308e692c1b) Importer(815301076,1909f56bfc062723c751e8b465ee728b)
Start importing Assets/Prefabs using Guid(731c9a3c48692214dbade0308e692c1b) Importer(815301076,1909f56bfc062723c751e8b465ee728b)  -> (artifact id: 'e929451a53958eac36cfe1b1c5eba746') in 0.000458 seconds
Number of updated asset objects reloaded before import = 0
Number of asset objects unloaded after import = 0
========================================================================
Received Import Request.
  Time since last request: 0.003021 seconds.
  path: Assets/TextMesh Pro/Resources/Sprite Assets/EmojiOne.asset
  artifactKey: Guid(c41005c129ba4d66911b75229fd70b45) Importer(815301076,1909f56bfc062723c751e8b465ee728b)
Start importing Assets/TextMesh Pro/Resources/Sprite Assets/EmojiOne.asset using Guid(c41005c129ba4d66911b75229fd70b45) Importer(815301076,1909f56bfc062723c751e8b465ee728b)  -> (artifact id: '49f57928ea3e50016ba38984b95b8e5d') in 0.004039 seconds
Number of updated asset objects reloaded before import = 0
Number of asset objects unloaded after import = 3
========================================================================
Received Import Request.
  Time since last request: 0.005252 seconds.
  path: Assets/TextMesh Pro/Shaders/TMP_SDF-Mobile Masking.shader
  artifactKey: Guid(bc1ede39bf3643ee8e493720e4259791) Importer(815301076,1909f56bfc062723c751e8b465ee728b)
Start importing Assets/TextMesh Pro/Shaders/TMP_SDF-Mobile Masking.shader using Guid(bc1ede39bf3643ee8e493720e4259791) Importer(815301076,1909f56bfc062723c751e8b465ee728b)  -> (artifact id: '9b4b902abfd67ae1af843b8ca871275a') in 0.000692 seconds
Number of updated asset objects reloaded before import = 0
Number of asset objects unloaded after import = 0
========================================================================
Received Import Request.
  Time since last request: 0.003097 seconds.
  path: Assets/TextMesh Pro/Shaders/TMP_Sprite.shader
  artifactKey: Guid(cf81c85f95fe47e1a27f6ae460cf182c) Importer(815301076,1909f56bfc062723c751e8b465ee728b)
Start importing Assets/TextMesh Pro/Shaders/TMP_Sprite.shader using Guid(cf81c85f95fe47e1a27f6ae460cf182c) Importer(815301076,1909f56bfc062723c751e8b465ee728b)  -> (artifact id: '07bad319e7e76795027dd76904d4b89b') in 0.000654 seconds
Number of updated asset objects reloaded before import = 0
Number of asset objects unloaded after import = 0
========================================================================
Received Import Request.
  Time since last request: 0.003318 seconds.
  path: Assets/TextMesh Pro/Sprites/EmojiOne Attribution.txt
  artifactKey: Guid(381dcb09d5029d14897e55f98031fca5) Importer(815301076,1909f56bfc062723c751e8b465ee728b)
Start importing Assets/TextMesh Pro/Sprites/EmojiOne Attribution.txt using Guid(381dcb09d5029d14897e55f98031fca5) Importer(815301076,1909f56bfc062723c751e8b465ee728b)  -> (artifact id: '44d0d565c80eed902ab8a5b1ea83cabb') in 0.000933 seconds
Number of updated asset objects reloaded before import = 0
Number of asset objects unloaded after import = 1
========================================================================
Received Import Request.
  Time since last request: 0.004060 seconds.
  path: Assets/TextMesh Pro/Shaders/TMPro_Mobile.cginc
  artifactKey: Guid(c334973cef89a9840b0b0c507e0377ab) Importer(815301076,1909f56bfc062723c751e8b465ee728b)
Start importing Assets/TextMesh Pro/Shaders/TMPro_Mobile.cginc using Guid(c334973cef89a9840b0b0c507e0377ab) Importer(815301076,1909f56bfc062723c751e8b465ee728b)  -> (artifact id: 'ed4948e3d3b156c358d774882348c13a') in 0.000948 seconds
Number of updated asset objects reloaded before import = 0
Number of asset objects unloaded after import = 1
========================================================================
Received Import Request.
  Time since last request: 0.003305 seconds.
  path: Assets/TextMesh Pro/Resources/Fonts & Materials/LiberationSans SDF - Fallback.asset
  artifactKey: Guid(2e498d1c8094910479dc3e1b768306a4) Importer(815301076,1909f56bfc062723c751e8b465ee728b)
Start importing Assets/TextMesh Pro/Resources/Fonts & Materials/LiberationSans SDF - Fallback.asset using Guid(2e498d1c8094910479dc3e1b768306a4) Importer(815301076,1909f56bfc062723c751e8b465ee728b)  -> (artifact id: 'b67c93d35366f627802d12dd3b964c0c') in 0.021135 seconds
Number of updated asset objects reloaded before import = 0
Number of asset objects unloaded after import = 6
========================================================================
Received Import Request.
  Time since last request: 0.011448 seconds.
  path: Assets/Free 2D Cartoon Parallax Background/2_Desert/Layer_0.png
  artifactKey: Guid(c923db515dd60ec4e9cd1f350be245a9) Importer(815301076,1909f56bfc062723c751e8b465ee728b)
Start importing Assets/Free 2D Cartoon Parallax Background/2_Desert/Layer_0.png using Guid(c923db515dd60ec4e9cd1f350be245a9) Importer(815301076,1909f56bfc062723c751e8b465ee728b)  -> (artifact id: 'f2d2953b7483dc1ef506258d46af3578') in 0.019720 seconds
Number of updated asset objects reloaded before import = 0
Number of asset objects unloaded after import = 3
========================================================================
Received Import Request.
  Time since last request: 0.004165 seconds.
  path: Assets/Free 2D Cartoon Parallax Background/3_Graveyard/Layer_4.png
  artifactKey: Guid(0ceb3b7f07f8bff499799cb7cfa69fcd) Importer(815301076,1909f56bfc062723c751e8b465ee728b)
Start importing Assets/Free 2D Cartoon Parallax Background/3_Graveyard/Layer_4.png using Guid(0ceb3b7f07f8bff499799cb7cfa69fcd) Importer(815301076,1909f56bfc062723c751e8b465ee728b)  -> (artifact id: 'a042f41499db5617a587c726eb61bdf4') in 0.022335 seconds
Number of updated asset objects reloaded before import = 0
Number of asset objects unloaded after import = 3
========================================================================
Received Import Request.
  Time since last request: 0.039959 seconds.
  path: Assets/TextMesh Pro/Shaders/TMP_SDF-Surface.shader
  artifactKey: Guid(f7ada0af4f174f0694ca6a487b8f543d) Importer(815301076,1909f56bfc062723c751e8b465ee728b)
Start importing Assets/TextMesh Pro/Shaders/TMP_SDF-Surface.shader using Guid(f7ada0af4f174f0694ca6a487b8f543d) Importer(815301076,1909f56bfc062723c751e8b465ee728b)  -> (artifact id: 'aeaacf1233f64829e7e78d3457279bcf') in 0.000723 seconds
Number of updated asset objects reloaded before import = 0
Number of asset objects unloaded after import = 0
========================================================================
Received Import Request.
  Time since last request: 0.002915 seconds.
  path: Assets/TextMesh Pro/Resources/Fonts & Materials/LiberationSans SDF - Outline.mat
  artifactKey: Guid(79459efec17a4d00a321bdcc27bbc385) Importer(815301076,1909f56bfc062723c751e8b465ee728b)
Start importing Assets/TextMesh Pro/Resources/Fonts & Materials/LiberationSans SDF - Outline.mat using Guid(79459efec17a4d00a321bdcc27bbc385) Importer(815301076,1909f56bfc062723c751e8b465ee728b)  -> (artifact id: '7ff964409b7a25d2b01e55a1c8edee13') in 0.024583 seconds
Number of updated asset objects reloaded before import = 0
Number of asset objects unloaded after import = 2
========================================================================
Received Import Request.
  Time since last request: 0.004679 seconds.
  path: Assets/Scriptes/Work/Extensions/ArrayExtensions.cs
  artifactKey: Guid(65ac0cebc4f72844986341f4d84c707b) Importer(815301076,1909f56bfc062723c751e8b465ee728b)
Start importing Assets/Scriptes/Work/Extensions/ArrayExtensions.cs using Guid(65ac0cebc4f72844986341f4d84c707b) Importer(815301076,1909f56bfc062723c751e8b465ee728b)  -> (artifact id: 'b75a89f2669d868e66e26e14a95f2860') in 0.000456 seconds
Number of updated asset objects reloaded before import = 0
Number of asset objects unloaded after import = 0
========================================================================
Received Import Request.
  Time since last request: 0.015526 seconds.
  path: Assets/Free 2D Cartoon Parallax Background/!_Moutain/Layer_3.png
  artifactKey: Guid(072fb9c03f98b8541804c8632eda3b74) Importer(815301076,1909f56bfc062723c751e8b465ee728b)
Start importing Assets/Free 2D Cartoon Parallax Background/!_Moutain/Layer_3.png using Guid(072fb9c03f98b8541804c8632eda3b74) Importer(815301076,1909f56bfc062723c751e8b465ee728b)  -> (artifact id: '48e1a5a7ac18686df36021fe48858a5d') in 0.020060 seconds
Number of updated asset objects reloaded before import = 0
Number of asset objects unloaded after import = 3
========================================================================
Received Import Request.
  Time since last request: 0.002750 seconds.
  path: Assets/TextMesh Pro/Resources/Sprite Assets
  artifactKey: Guid(512a49d95c0c4332bdd98131869c23c9) Importer(815301076,1909f56bfc062723c751e8b465ee728b)
Start importing Assets/TextMesh Pro/Resources/Sprite Assets using Guid(512a49d95c0c4332bdd98131869c23c9) Importer(815301076,1909f56bfc062723c751e8b465ee728b)  -> (artifact id: 'a4be22d1ef66f63031ca6da898dd5950') in 0.000578 seconds
Number of updated asset objects reloaded before import = 0
Number of asset objects unloaded after import = 0
========================================================================
Received Import Request.
  Time since last request: 0.003149 seconds.
  path: Assets/Scriptes/Work/Pages/BasePage.cs
  artifactKey: Guid(7b933dc7c4f2559409e28990b3cc4192) Importer(815301076,1909f56bfc062723c751e8b465ee728b)
Start importing Assets/Scriptes/Work/Pages/BasePage.cs using Guid(7b933dc7c4f2559409e28990b3cc4192) Importer(815301076,1909f56bfc062723c751e8b465ee728b)  -> (artifact id: 'd09409f18c0c3fe515891ce166d2cd4a') in 0.000397 seconds
Number of updated asset objects reloaded before import = 0
Number of asset objects unloaded after import = 0
========================================================================
Received Import Request.
  Time since last request: 0.002041 seconds.
  path: Assets/Miniature Army 2D V.1
  artifactKey: Guid(2d13f37560ffd48e9b9048aa88e3caef) Importer(815301076,1909f56bfc062723c751e8b465ee728b)
Start importing Assets/Miniature Army 2D V.1 using Guid(2d13f37560ffd48e9b9048aa88e3caef) Importer(815301076,1909f56bfc062723c751e8b465ee728b)  -> (artifact id: '540316750d8d02e948b43976f1067aad') in 0.000389 seconds
Number of updated asset objects reloaded before import = 0
Number of asset objects unloaded after import = 0
========================================================================
Received Import Request.
  Time since last request: 0.003677 seconds.
  path: Assets/Free 2D Cartoon Parallax Background/2_Desert/Layer_1.png
  artifactKey: Guid(442d8366ad5d42f46acfc9133b342c22) Importer(815301076,1909f56bfc062723c751e8b465ee728b)
Start importing Assets/Free 2D Cartoon Parallax Background/2_Desert/Layer_1.png using Guid(442d8366ad5d42f46acfc9133b342c22) Importer(815301076,1909f56bfc062723c751e8b465ee728b)  -> (artifact id: 'e7028382270c3829a70a0fdb3df5b076') in 0.019186 seconds
Number of updated asset objects reloaded before import = 0
Number of asset objects unloaded after import = 3
========================================================================
Received Import Request.
  Time since last request: 0.004050 seconds.
  path: Assets/Scriptes/Work/Buttons/ButtonPauseGame.cs
  artifactKey: Guid(147a986e8c7dc704c9ae686f29ae9b3c) Importer(815301076,1909f56bfc062723c751e8b465ee728b)
Start importing Assets/Scriptes/Work/Buttons/ButtonPauseGame.cs using Guid(147a986e8c7dc704c9ae686f29ae9b3c) Importer(815301076,1909f56bfc062723c751e8b465ee728b)  -> (artifact id: '7545df464291c326d6c9c6c99a020600') in 0.000682 seconds
Number of updated asset objects reloaded before import = 0
Number of asset objects unloaded after import = 0
========================================================================
Received Import Request.
  Time since last request: 0.005289 seconds.
  path: Assets/TextMesh Pro/Shaders/TMP_SDF Overlay.shader
  artifactKey: Guid(dd89cf5b9246416f84610a006f916af7) Importer(815301076,1909f56bfc062723c751e8b465ee728b)
Start importing Assets/TextMesh Pro/Shaders/TMP_SDF Overlay.shader using Guid(dd89cf5b9246416f84610a006f916af7) Importer(815301076,1909f56bfc062723c751e8b465ee728b)  -> (artifact id: '83d0dae0f47f91f6f5c0463596ac0cff') in 0.000980 seconds
Number of updated asset objects reloaded before import = 0
Number of asset objects unloaded after import = 0
========================================================================
Received Import Request.
  Time since last request: 0.019478 seconds.
  path: Assets/TextMesh Pro/Sprites/EmojiOne.png
  artifactKey: Guid(dffef66376be4fa480fb02b19edbe903) Importer(815301076,1909f56bfc062723c751e8b465ee728b)
Start importing Assets/TextMesh Pro/Sprites/EmojiOne.png using Guid(dffef66376be4fa480fb02b19edbe903) Importer(815301076,1909f56bfc062723c751e8b465ee728b)  -> (artifact id: '7767da5b68763b6f40509ec51400a283') in 0.016227 seconds
Number of updated asset objects reloaded before import = 0
Number of asset objects unloaded after import = 2
========================================================================
Received Import Request.
  Time since last request: 0.023636 seconds.
  path: Assets/Free 2D Cartoon Parallax Background/!_Moutain
  artifactKey: Guid(c2615c47bf4458444bf88f5b986b4ec0) Importer(815301076,1909f56bfc062723c751e8b465ee728b)
Start importing Assets/Free 2D Cartoon Parallax Background/!_Moutain using Guid(c2615c47bf4458444bf88f5b986b4ec0) Importer(815301076,1909f56bfc062723c751e8b465ee728b)  -> (artifact id: '1baf88c2e095cdaab3b29edcc9b8e139') in 0.000526 seconds
Number of updated asset objects reloaded before import = 0
Number of asset objects unloaded after import = 0
========================================================================
Received Import Request.
  Time since last request: 0.005761 seconds.
  path: Assets/Free 2D Cartoon Parallax Background/4_Snow/Layer_3.png
  artifactKey: Guid(5363ba5ff6a4d25418d986e793446fdb) Importer(815301076,1909f56bfc062723c751e8b465ee728b)
Start importing Assets/Free 2D Cartoon Parallax Background/4_Snow/Layer_3.png using Guid(5363ba5ff6a4d25418d986e793446fdb) Importer(815301076,1909f56bfc062723c751e8b465ee728b)  -> (artifact id: '4a189f4e8c503e2e5d1c34620269a535') in 0.021060 seconds
Number of updated asset objects reloaded before import = 0
Number of asset objects unloaded after import = 3
========================================================================
Received Import Request.
  Time since last request: 0.016773 seconds.
  path: Assets/Free 2D Cartoon Parallax Background/2_Desert/Layer_2.png
  artifactKey: Guid(b670707b2788d99448bbb478fc248530) Importer(815301076,1909f56bfc062723c751e8b465ee728b)
Start importing Assets/Free 2D Cartoon Parallax Background/2_Desert/Layer_2.png using Guid(b670707b2788d99448bbb478fc248530) Importer(815301076,1909f56bfc062723c751e8b465ee728b)  -> (artifact id: 'b6035b7de0210c544be1524519e30ccb') in 0.020365 seconds
Number of updated asset objects reloaded before import = 0
Number of asset objects unloaded after import = 3
========================================================================
Received Import Request.
  Time since last request: 0.020295 seconds.
  path: Assets/Free 2D Cartoon Parallax Background/2_Desert/Layer_3.png
  artifactKey: Guid(b5b8e73cc720ab446a25f00fc5ae7dc6) Importer(815301076,1909f56bfc062723c751e8b465ee728b)
Start importing Assets/Free 2D Cartoon Parallax Background/2_Desert/Layer_3.png using Guid(b5b8e73cc720ab446a25f00fc5ae7dc6) Importer(815301076,1909f56bfc062723c751e8b465ee728b)  -> (artifact id: '22fc8662e5f12b1b4e5a9ea9cef96d82') in 0.020711 seconds
Number of updated asset objects reloaded before import = 0
Number of asset objects unloaded after import = 3
========================================================================
Received Import Request.
  Time since last request: 0.005493 seconds.
  path: Assets/Scriptes/Work/Timers/EnemyWave.cs
  artifactKey: Guid(4888193ca893b61468678e5bdd959e23) Importer(815301076,1909f56bfc062723c751e8b465ee728b)
Start importing Assets/Scriptes/Work/Timers/EnemyWave.cs using Guid(4888193ca893b61468678e5bdd959e23) Importer(815301076,1909f56bfc062723c751e8b465ee728b)  -> (artifact id: '1abc13b73c5cad56f32326d0fd1d3d4f') in 0.000437 seconds
Number of updated asset objects reloaded before import = 0
Number of asset objects unloaded after import = 0
========================================================================
Received Import Request.
  Time since last request: 0.006747 seconds.
  path: Assets/TextMesh Pro/Resources/TMP Settings.asset
  artifactKey: Guid(3f5b5dff67a942289a9defa416b206f3) Importer(815301076,1909f56bfc062723c751e8b465ee728b)
Start importing Assets/TextMesh Pro/Resources/TMP Settings.asset using Guid(3f5b5dff67a942289a9defa416b206f3) Importer(815301076,1909f56bfc062723c751e8b465ee728b)  -> (artifact id: '03ea1972c79e2717dc61467c8ce2277e') in 0.020179 seconds
Number of updated asset objects reloaded before import = 0
Number of asset objects unloaded after import = 15
========================================================================
Received Import Request.
  Time since last request: 0.002821 seconds.
  path: Assets/TextMesh Pro/Sprites
  artifactKey: Guid(d0603b6d5186471b96c778c3949c7ce2) Importer(815301076,1909f56bfc062723c751e8b465ee728b)
Start importing Assets/TextMesh Pro/Sprites using Guid(d0603b6d5186471b96c778c3949c7ce2) Importer(815301076,1909f56bfc062723c751e8b465ee728b)  -> (artifact id: '6cb8c8d526b56b02a177794fb5aaffbd') in 0.000452 seconds
Number of updated asset objects reloaded before import = 0
Number of asset objects unloaded after import = 0
========================================================================
Received Import Request.
  Time since last request: 0.004978 seconds.
  path: Assets/Scriptes/Work/Units/Enemies
  artifactKey: Guid(62320f16a24da174184d71cb3e3de2d1) Importer(815301076,1909f56bfc062723c751e8b465ee728b)
Start importing Assets/Scriptes/Work/Units/Enemies using Guid(62320f16a24da174184d71cb3e3de2d1) Importer(815301076,1909f56bfc062723c751e8b465ee728b)  -> (artifact id: 'ac4d00775762bdf2e35b44e785a7e5dc') in 0.000445 seconds
Number of updated asset objects reloaded before import = 0
Number of asset objects unloaded after import = 0
========================================================================
Received Import Request.
  Time since last request: 0.003220 seconds.
  path: Assets/Scenes/Work/Work.unity
  artifactKey: Guid(1c64b2c0d63ba944f9f7e786ea79ca6a) Importer(815301076,1909f56bfc062723c751e8b465ee728b)
Start importing Assets/Scenes/Work/Work.unity using Guid(1c64b2c0d63ba944f9f7e786ea79ca6a) Importer(815301076,1909f56bfc062723c751e8b465ee728b)  -> (artifact id: '409a423f45b6f6e004273bdbe4547294') in 0.000407 seconds
Number of updated asset objects reloaded before import = 0
Number of asset objects unloaded after import = 0
========================================================================
Received Import Request.
  Time since last request: 0.002419 seconds.
  path: Assets/Free 2D Cartoon Parallax Background/Demo
  artifactKey: Guid(e154ca7176d62b448a6f67ec2e3fefcc) Importer(815301076,1909f56bfc062723c751e8b465ee728b)
Start importing Assets/Free 2D Cartoon Parallax Background/Demo using Guid(e154ca7176d62b448a6f67ec2e3fefcc) Importer(815301076,1909f56bfc062723c751e8b465ee728b)  -> (artifact id: '89676b3c3190223019f9410c56216978') in 0.000401 seconds
Number of updated asset objects reloaded before import = 0
Number of asset objects unloaded after import = 0
========================================================================
Received Import Request.
  Time since last request: 0.003045 seconds.
  path: Assets/Scriptes/Work/Statistics小ollector.cs
  artifactKey: Guid(0b82d448485ffcd49a4b9d578630074f) Importer(815301076,1909f56bfc062723c751e8b465ee728b)
Start importing Assets/Scriptes/Work/Statistics小ollector.cs using Guid(0b82d448485ffcd49a4b9d578630074f) Importer(815301076,1909f56bfc062723c751e8b465ee728b)  -> (artifact id: '92deb3e8d96117004f3d25ea0335f62b') in 0.000426 seconds
Number of updated asset objects reloaded before import = 0
Number of asset objects unloaded after import = 0
========================================================================
Received Import Request.
  Time since last request: 0.003044 seconds.
  path: Assets/Scriptes/Work/Units/Friends/FriendUnit.cs
  artifactKey: Guid(8fa1532eda530734aaaa5084e22f6c29) Importer(815301076,1909f56bfc062723c751e8b465ee728b)
Start importing Assets/Scriptes/Work/Units/Friends/FriendUnit.cs using Guid(8fa1532eda530734aaaa5084e22f6c29) Importer(815301076,1909f56bfc062723c751e8b465ee728b)  -> (artifact id: '0fbe041272df4e339a14a8d4d61e0729') in 0.000425 seconds
Number of updated asset objects reloaded before import = 0
Number of asset objects unloaded after import = 0
========================================================================
Received Import Request.
  Time since last request: 0.004323 seconds.
  path: Assets/TextMesh Pro/Documentation/TextMesh Pro User Guide 2016.pdf
  artifactKey: Guid(1b8d251f9af63b746bf2f7ffe00ebb9b) Importer(815301076,1909f56bfc062723c751e8b465ee728b)
Start importing Assets/TextMesh Pro/Documentation/TextMesh Pro User Guide 2016.pdf using Guid(1b8d251f9af63b746bf2f7ffe00ebb9b) Importer(815301076,1909f56bfc062723c751e8b465ee728b)  -> (artifact id: 'b77d945af6f2a2ba96621f031f3cbc4d') in 0.000846 seconds
Number of updated asset objects reloaded before import = 0
Number of asset objects unloaded after import = 1
========================================================================
Received Import Request.
  Time since last request: 0.006289 seconds.
  path: Assets/TextMesh Pro/Shaders/TMP_Bitmap-Mobile.shader
  artifactKey: Guid(1e3b057af24249748ff873be7fafee47) Importer(815301076,1909f56bfc062723c751e8b465ee728b)
Start importing Assets/TextMesh Pro/Shaders/TMP_Bitmap-Mobile.shader using Guid(1e3b057af24249748ff873be7fafee47) Importer(815301076,1909f56bfc062723c751e8b465ee728b)  -> (artifact id: '961a9489929e5ae2005b8b19780de6ff') in 0.000654 seconds
Number of updated asset objects reloaded before import = 0
Number of asset objects unloaded after import = 0
========================================================================
Received Import Request.
  Time since last request: 0.003143 seconds.
  path: Assets/TextMesh Pro/Shaders/TMP_SDF-Mobile Overlay.shader
  artifactKey: Guid(a02a7d8c237544f1962732b55a9aebf1) Importer(815301076,1909f56bfc062723c751e8b465ee728b)
Start importing Assets/TextMesh Pro/Shaders/TMP_SDF-Mobile Overlay.shader using Guid(a02a7d8c237544f1962732b55a9aebf1) Importer(815301076,1909f56bfc062723c751e8b465ee728b)  -> (artifact id: '956bf6baea4b638986c709a87047b7fa') in 0.000644 seconds
Number of updated asset objects reloaded before import = 0
Number of asset objects unloaded after import = 0
========================================================================
Received Import Request.
  Time since last request: 0.002189 seconds.
  path: Assets/TextMesh Pro/Resources
  artifactKey: Guid(243e06394e614e5d99fab26083b707fa) Importer(815301076,1909f56bfc062723c751e8b465ee728b)
Start importing Assets/TextMesh Pro/Resources using Guid(243e06394e614e5d99fab26083b707fa) Importer(815301076,1909f56bfc062723c751e8b465ee728b)  -> (artifact id: 'b2c36a6349224b0ebebc1e51428e6fea') in 0.000389 seconds
Number of updated asset objects reloaded before import = 0
Number of asset objects unloaded after import = 0
========================================================================
Received Import Request.
  Time since last request: 0.008269 seconds.
  path: Assets/Scriptes/Work/AudioPlayer.cs
  artifactKey: Guid(0b1168847fb977248b14412bacd55ea1) Importer(815301076,1909f56bfc062723c751e8b465ee728b)
Start importing Assets/Scriptes/Work/AudioPlayer.cs using Guid(0b1168847fb977248b14412bacd55ea1) Importer(815301076,1909f56bfc062723c751e8b465ee728b)  -> (artifact id: '6b8b1c501fd54177990d97a5faedded2') in 0.000420 seconds
Number of updated asset objects reloaded before import = 0
Number of asset objects unloaded after import = 0
========================================================================
Received Import Request.
  Time since last request: 0.001953 seconds.
  path: Assets/Free 2D Cartoon Parallax Background/Demo/Script
  artifactKey: Guid(bb200273aa5a7cf4e8501f74df12957a) Importer(815301076,1909f56bfc062723c751e8b465ee728b)
Start importing Assets/Free 2D Cartoon Parallax Background/Demo/Script using Guid(bb200273aa5a7cf4e8501f74df12957a) Importer(815301076,1909f56bfc062723c751e8b465ee728b)  -> (artifact id: 'd5b3d98dd18bab83a771d4ac69dbf84b') in 0.000395 seconds
Number of updated asset objects reloaded before import = 0
Number of asset objects unloaded after import = 0
========================================================================
Received Import Request.
  Time since last request: 0.002328 seconds.
  path: Assets/Scriptes/Work/Units/Friends
  artifactKey: Guid(aee9199169c63f54680ee22bb9cd80f2) Importer(815301076,1909f56bfc062723c751e8b465ee728b)
Start importing Assets/Scriptes/Work/Units/Friends using Guid(aee9199169c63f54680ee22bb9cd80f2) Importer(815301076,1909f56bfc062723c751e8b465ee728b)  -> (artifact id: '432ac7cbd409e73ff286f07dfdddfcd5') in 0.000398 seconds
Number of updated asset objects reloaded before import = 0
Number of asset objects unloaded after import = 0
========================================================================
Received Import Request.
  Time since last request: 0.002828 seconds.
  path: Assets/TextMesh Pro/Resources/LineBreaking Leading Characters.txt
  artifactKey: Guid(d82c1b31c7e74239bff1220585707d2b) Importer(815301076,1909f56bfc062723c751e8b465ee728b)
Start importing Assets/TextMesh Pro/Resources/LineBreaking Leading Characters.txt using Guid(d82c1b31c7e74239bff1220585707d2b) Importer(815301076,1909f56bfc062723c751e8b465ee728b)  -> (artifact id: 'c0e0872a344a2232916630376c77a2c5') in 0.000943 seconds
Number of updated asset objects reloaded before import = 0
Number of asset objects unloaded after import = 1
========================================================================
Received Import Request.
  Time since last request: 0.006115 seconds.
  path: Assets/TextMesh Pro/Fonts/LiberationSans.ttf
  artifactKey: Guid(e3265ab4bf004d28a9537516768c1c75) Importer(815301076,1909f56bfc062723c751e8b465ee728b)
Start importing Assets/TextMesh Pro/Fonts/LiberationSans.ttf using Guid(e3265ab4bf004d28a9537516768c1c75) Importer(815301076,1909f56bfc062723c751e8b465ee728b)  -> (artifact id: '8756f7c291147a75e95d0f4a0d9e7e56') in 0.019392 seconds
Number of updated asset objects reloaded before import = 0
Number of asset objects unloaded after import = 4
